Release 12.4 - xst M.81d (nt)
Copyright (c) 1995-2010 Xilinx, Inc.  All rights reserved.
--> Parameter TMPDIR set to xst/projnav.tmp


Total REAL time to Xst completion: 0.00 secs
Total CPU time to Xst completion: 0.04 secs
 
--> Parameter xsthdpdir set to xst


Total REAL time to Xst completion: 0.00 secs
Total CPU time to Xst completion: 0.05 secs
 
--> Reading design: user_logic.prj

TABLE OF CONTENTS
  1) Synthesis Options Summary
  2) HDL Compilation
  3) Design Hierarchy Analysis
  4) HDL Analysis
  5) HDL Synthesis
     5.1) HDL Synthesis Report
  6) Advanced HDL Synthesis
     6.1) Advanced HDL Synthesis Report
  7) Low Level Synthesis
  8) Partition Report
  9) Final Report
	9.1) Device utilization summary
	9.2) Partition Resource Summary
	9.3) TIMING REPORT


=========================================================================
*                      Synthesis Options Summary                        *
=========================================================================
---- Source Parameters
Input File Name                    : "user_logic.prj"
Input Format                       : mixed
Ignore Synthesis Constraint File   : NO

---- Target Parameters
Output File Name                   : "user_logic"
Output Format                      : NGC
Target Device                      : xc3s1600e-4-fg320

---- Source Options
Top Module Name                    : user_logic
Automatic FSM Extraction           : YES
FSM Encoding Algorithm             : Auto
Safe Implementation                : No
FSM Style                          : LUT
RAM Extraction                     : Yes
RAM Style                          : Auto
ROM Extraction                     : Yes
Mux Style                          : Auto
Decoder Extraction                 : YES
Priority Encoder Extraction        : Yes
Shift Register Extraction          : YES
Logical Shifter Extraction         : YES
XOR Collapsing                     : YES
ROM Style                          : Auto
Mux Extraction                     : Yes
Resource Sharing                   : YES
Asynchronous To Synchronous        : NO
Multiplier Style                   : Auto
Automatic Register Balancing       : No

---- Target Options
Add IO Buffers                     : YES
Global Maximum Fanout              : 500
Add Generic Clock Buffer(BUFG)     : 24
Register Duplication               : YES
Slice Packing                      : YES
Optimize Instantiated Primitives   : NO
Use Clock Enable                   : Yes
Use Synchronous Set                : Yes
Use Synchronous Reset              : Yes
Pack IO Registers into IOBs        : Auto
Equivalent register Removal        : YES

---- General Options
Optimization Goal                  : Speed
Optimization Effort                : 1
Keep Hierarchy                     : No
Netlist Hierarchy                  : As_Optimized
RTL Output                         : Yes
Global Optimization                : AllClockNets
Read Cores                         : YES
Write Timing Constraints           : NO
Cross Clock Analysis               : NO
Hierarchy Separator                : /
Bus Delimiter                      : <>
Case Specifier                     : Maintain
Slice Utilization Ratio            : 100
BRAM Utilization Ratio             : 100
Verilog 2001                       : YES
Auto BRAM Packing                  : NO
Slice Utilization Ratio Delta      : 5

=========================================================================


=========================================================================
*                          HDL Compilation                              *
=========================================================================
Compiling vhdl file "C:/Xilinx/12.4/ISE_DS/EDK/hw/XilinxProcessorIPLib/pcores/proc_common_v3_00_a/hdl/vhdl/proc_common_pkg.vhd" in Library proc_common_v3_00_a.
Architecture proc_common_pkg of Entity proc_common_pkg is up to date.
Compiling vhdl file "//vboxsvr/workarea/SysEmp/ProyectoFinal/ProyectoFinalSDE/Proyecto/pcores/digilentspartan3espi_v1_01_a/hdl/vhdl/InterfaceLct1407.vhd" in Library work.
Architecture arch of Entity interfacelct1407 is up to date.
Compiling vhdl file "//vboxsvr/workarea/SysEmp/ProyectoFinal/ProyectoFinalSDE/Proyecto/pcores/digilentspartan3espi_v1_01_a/hdl/vhdl/user_logic.vhd" in Library digilentspartan3espi_v1_01_a.
Entity <user_logic> compiled.
Entity <user_logic> (Architecture <imp>) compiled.

=========================================================================
*                     Design Hierarchy Analysis                         *
=========================================================================
Analyzing hierarchy for entity <user_logic> in library <digilentspartan3espi_v1_01_a> (architecture <imp>) with generics.
	C_NUM_REG = 1
	C_SLV_DWIDTH = 32

Analyzing hierarchy for entity <InterfaceLct1407> in library <work> (architecture <arch>).


=========================================================================
*                            HDL Analysis                               *
=========================================================================
Analyzing generic Entity <user_logic> in library <digilentspartan3espi_v1_01_a> (Architecture <imp>).
	C_NUM_REG = 1
	C_SLV_DWIDTH = 32
WARNING:Xst:37 - Detected unknown constraint/property "SIGIS". This constraint/property is not supported by the current software release and will be ignored.
WARNING:Xst:37 - Detected unknown constraint/property "SIGIS". This constraint/property is not supported by the current software release and will be ignored.
Entity <user_logic> analyzed. Unit <user_logic> generated.

Analyzing Entity <InterfaceLct1407> in library <work> (Architecture <arch>).
Entity <InterfaceLct1407> analyzed. Unit <InterfaceLct1407> generated.


=========================================================================
*                           HDL Synthesis                               *
=========================================================================

Performing bidirectional port resolution...

Synthesizing Unit <InterfaceLct1407>.
    Related source file is "//vboxsvr/workarea/SysEmp/ProyectoFinal/ProyectoFinalSDE/Proyecto/pcores/digilentspartan3espi_v1_01_a/hdl/vhdl/InterfaceLct1407.vhd".
    Found finite state machine <FSM_0> for signal <CurrentState>.
    -----------------------------------------------------------------------
    | States             | 3                                              |
    | Transitions        | 6                                              |
    | Inputs             | 3                                              |
    | Outputs            | 3                                              |
    | Clock              | Clk                       (rising_edge)        |
    | Reset              | Rst                       (positive)           |
    | Reset type         | synchronous                                    |
    | Reset State        | ststandby                                      |
    | Power Up State     | ststandby                                      |
    | Encoding           | automatic                                      |
    | Implementation     | LUT                                            |
    -----------------------------------------------------------------------
    Found 14-bit register for signal <DataCh0>.
    Found 14-bit register for signal <DataCh1>.
    Found 1-bit register for signal <ClkDiv>.
    Found 6-bit up counter for signal <Count>.
    Summary:
	inferred   1 Finite State Machine(s).
	inferred   1 Counter(s).
	inferred  29 D-type flip-flop(s).
Unit <InterfaceLct1407> synthesized.


Synthesizing Unit <user_logic>.
    Related source file is "//vboxsvr/workarea/SysEmp/ProyectoFinal/ProyectoFinalSDE/Proyecto/pcores/digilentspartan3espi_v1_01_a/hdl/vhdl/user_logic.vhd".
WARNING:Xst:646 - Signal <slv_reg0> is assigned but never used. This unconnected signal will be trimmed during the optimization process.
WARNING:Xst:653 - Signal <s_slv_reg0<14:15>> is used but never assigned. This sourceless signal will be automatically connected to value 00.
WARNING:Xst:653 - Signal <s_slv_reg0<30:31>> is used but never assigned. This sourceless signal will be automatically connected to value 00.
Unit <user_logic> synthesized.


=========================================================================
HDL Synthesis Report

Macro Statistics
# Counters                                             : 1
 6-bit up counter                                      : 1
# Registers                                            : 29
 1-bit register                                        : 29

=========================================================================

=========================================================================
*                       Advanced HDL Synthesis                          *
=========================================================================

Analyzing FSM <FSM_0> for best encoding.
Optimizing FSM <IntLct1407/CurrentState/FSM> on signal <CurrentState[1:2]> with user encoding.
------------------------
 State      | Encoding
------------------------
 ststandby  | 00
 stconv     | 01
 streaddata | 10
------------------------

=========================================================================
Advanced HDL Synthesis Report

Macro Statistics
# FSMs                                                 : 1
# Counters                                             : 1
 6-bit up counter                                      : 1
# Registers                                            : 29
 Flip-Flops                                            : 29

=========================================================================

=========================================================================
*                         Low Level Synthesis                           *
=========================================================================

Optimizing unit <user_logic> ...

Optimizing unit <InterfaceLct1407> ...

Mapping all equations...
Building and optimizing final netlist ...
Found area constraint ratio of 100 (+ 5) on block user_logic, actual ratio is 0.

Final Macro Processing ...

=========================================================================
Final Register Report

Macro Statistics
# Registers                                            : 37
 Flip-Flops                                            : 37

=========================================================================

=========================================================================
*                           Partition Report                            *
=========================================================================

Partition Implementation Status
-------------------------------

  No Partitions were found in this design.

-------------------------------

=========================================================================
*                            Final Report                               *
=========================================================================
Final Results
RTL Top Level Output File Name     : user_logic.ngr
Top Level Output File Name         : user_logic
Output Format                      : NGC
Optimization Goal                  : Speed
Keep Hierarchy                     : No

Design Statistics
# IOs                              : 88

Cell Usage :
# BELS                             : 89
#      GND                         : 1
#      INV                         : 2
#      LUT2                        : 1
#      LUT2_D                      : 4
#      LUT2_L                      : 1
#      LUT3                        : 9
#      LUT3_D                      : 5
#      LUT3_L                      : 3
#      LUT4                        : 59
#      LUT4_D                      : 1
#      LUT4_L                      : 3
# FlipFlops/Latches                : 37
#      FDR                         : 2
#      FDRE                        : 34
#      FDRS                        : 1
# Clock Buffers                    : 1
#      BUFGP                       : 1
# IO Buffers                       : 51
#      IBUF                        : 9
#      OBUF                        : 42
=========================================================================

Device utilization summary:
---------------------------

Selected Device : 3s1600efg320-4 

 Number of Slices:                       46  out of  14752     0%  
 Number of Slice Flip Flops:             37  out of  29504     0%  
 Number of 4 input LUTs:                 88  out of  29504     0%  
 Number of IOs:                          88
 Number of bonded IOBs:                  52  out of    250    20%  
 Number of GCLKs:                         1  out of     24     4%  

---------------------------
Partition Resource Summary:
---------------------------

  No Partitions were found in this design.

---------------------------


=========================================================================
TIMING REPORT

NOTE: THESE TIMING NUMBERS ARE ONLY A SYNTHESIS ESTIMATE.
      FOR ACCURATE TIMING INFORMATION PLEASE REFER TO THE TRACE REPORT
      GENERATED AFTER PLACE-and-ROUTE.

Clock Information:
------------------
-----------------------------------+------------------------+-------+
Clock Signal                       | Clock buffer(FF name)  | Load  |
-----------------------------------+------------------------+-------+
Bus2IP_Clk                         | BUFGP                  | 37    |
-----------------------------------+------------------------+-------+

Asynchronous Control Signals Information:
----------------------------------------
No asynchronous control signals found in this design

Timing Summary:
---------------
Speed Grade: -4

   Minimum period: 5.259ns (Maximum Frequency: 190.133MHz)
   Minimum input arrival time before clock: 4.978ns
   Maximum output required time after clock: 6.329ns
   Maximum combinational path delay: 7.051ns

Timing Detail:
--------------
All values displayed in nanoseconds (ns)

=========================================================================
Timing constraint: Default period analysis for Clock 'Bus2IP_Clk'
  Clock period: 5.259ns (frequency: 190.133MHz)
  Total number of paths / destination ports: 288 / 51
-------------------------------------------------------------------------
Delay:               5.259ns (Levels of Logic = 2)
  Source:            IntLct1407/CurrentState_FSM_FFd1 (FF)
  Destination:       IntLct1407/DataCh0_12 (FF)
  Source Clock:      Bus2IP_Clk rising
  Destination Clock: Bus2IP_Clk rising

  Data Path: IntLct1407/CurrentState_FSM_FFd1 to IntLct1407/DataCh0_12
                                Gate     Net
    Cell:in->out      fanout   Delay   Delay  Logical Name (Net Name)
    ----------------------------------------  ------------
     FDRS:C->Q            36   0.591   1.298  IntLct1407/CurrentState_FSM_FFd1 (IntLct1407/CurrentState_FSM_FFd1)
     LUT3_D:I2->O         13   0.704   0.987  IntLct1407/DataCh0_0_not000111 (IntLct1407/N11)
     LUT4:I3->O            1   0.704   0.420  IntLct1407/DataCh1_13_not00011 (IntLct1407/DataCh1_13_not0001)
     FDRE:CE                   0.555          IntLct1407/DataCh1_13
    ----------------------------------------
    Total                      5.259ns (2.554ns logic, 2.705ns route)
                                       (48.6% logic, 51.4% route)

=========================================================================
Timing constraint: Default OFFSET IN BEFORE for Clock 'Bus2IP_Clk'
  Total number of paths / destination ports: 66 / 66
-------------------------------------------------------------------------
Offset:              4.978ns (Levels of Logic = 2)
  Source:            Bus2IP_Reset (PAD)
  Destination:       IntLct1407/Count_5 (FF)
  Destination Clock: Bus2IP_Clk rising

  Data Path: Bus2IP_Reset to IntLct1407/Count_5
                                Gate     Net
    Cell:in->out      fanout   Delay   Delay  Logical Name (Net Name)
    ----------------------------------------  ------------
     IBUF:I->O            31   1.218   1.437  Bus2IP_Reset_IBUF (Bus2IP_Reset_IBUF)
     LUT3:I0->O            7   0.704   0.708  IntLct1407/ClkDiv_or00001 (IntLct1407/ClkDiv_or0000)
     FDR:R                     0.911          IntLct1407/ClkDiv
    ----------------------------------------
    Total                      4.978ns (2.833ns logic, 2.145ns route)
                                       (56.9% logic, 43.1% route)

=========================================================================
Timing constraint: Default OFFSET OUT AFTER for Clock 'Bus2IP_Clk'
  Total number of paths / destination ports: 88 / 31
-------------------------------------------------------------------------
Offset:              6.329ns (Levels of Logic = 2)
  Source:            IntLct1407/CurrentState_FSM_FFd2 (FF)
  Destination:       IP2Bus_RdAck (PAD)
  Source Clock:      Bus2IP_Clk rising

  Data Path: IntLct1407/CurrentState_FSM_FFd2 to IP2Bus_RdAck
                                Gate     Net
    Cell:in->out      fanout   Delay   Delay  Logical Name (Net Name)
    ----------------------------------------  ------------
     FDR:C->Q             33   0.591   1.342  IntLct1407/CurrentState_FSM_FFd2 (IntLct1407/CurrentState_FSM_FFd2)
     LUT3:I1->O            1   0.704   0.420  IP2Bus_Data<0>11 (IP2Bus_RdAck_OBUF)
     OBUF:I->O                 3.272          IP2Bus_RdAck_OBUF (IP2Bus_RdAck)
    ----------------------------------------
    Total                      6.329ns (4.567ns logic, 1.762ns route)
                                       (72.2% logic, 27.8% route)

=========================================================================
Timing constraint: Default path analysis
  Total number of paths / destination ports: 37 / 36
-------------------------------------------------------------------------
Delay:               7.051ns (Levels of Logic = 3)
  Source:            Bus2IP_RdCE<0> (PAD)
  Destination:       IP2Bus_RdAck (PAD)

  Data Path: Bus2IP_RdCE<0> to IP2Bus_RdAck
                                Gate     Net
    Cell:in->out      fanout   Delay   Delay  Logical Name (Net Name)
    ----------------------------------------  ------------
     IBUF:I->O            31   1.218   1.437  Bus2IP_RdCE_0_IBUF (Bus2IP_RdCE_0_IBUF)
     LUT3:I0->O            1   0.704   0.420  Sck1 (Sck_OBUF)
     OBUF:I->O                 3.272          Sck_OBUF (Sck)
    ----------------------------------------
    Total                      7.051ns (5.194ns logic, 1.857ns route)
                                       (73.7% logic, 26.3% route)

=========================================================================


Total REAL time to Xst completion: 2.00 secs
Total CPU time to Xst completion: 1.76 secs
 
--> 

Total memory usage is 137932 kilobytes

Number of errors   :    0 (   0 filtered)
Number of warnings :    5 (   0 filtered)
Number of infos    :    0 (   0 filtered)

