Release 12.4 - xst M.81d (nt)
Copyright (c) 1995-2010 Xilinx, Inc.  All rights reserved.
--> Parameter TMPDIR set to xst/projnav.tmp


Total REAL time to Xst completion: 0.00 secs
Total CPU time to Xst completion: 0.13 secs
 
--> Parameter xsthdpdir set to xst


Total REAL time to Xst completion: 0.00 secs
Total CPU time to Xst completion: 0.14 secs
 
--> Reading design: digilentspartan3e1600spi.prj

TABLE OF CONTENTS
  1) Synthesis Options Summary
  2) HDL Compilation
  3) Design Hierarchy Analysis
  4) HDL Analysis
  5) HDL Synthesis
     5.1) HDL Synthesis Report
  6) Advanced HDL Synthesis
     6.1) Advanced HDL Synthesis Report
  7) Low Level Synthesis
  8) Partition Report
  9) Final Report
	9.1) Device utilization summary
	9.2) Partition Resource Summary
	9.3) TIMING REPORT


=========================================================================
*                      Synthesis Options Summary                        *
=========================================================================
---- Source Parameters
Input File Name                    : "digilentspartan3e1600spi.prj"
Input Format                       : mixed
Ignore Synthesis Constraint File   : NO

---- Target Parameters
Output File Name                   : "digilentspartan3e1600spi"
Output Format                      : NGC
Target Device                      : xc3s1600e-4-fg320

---- Source Options
Top Module Name                    : digilentspartan3e1600spi
Automatic FSM Extraction           : YES
FSM Encoding Algorithm             : Auto
Safe Implementation                : No
FSM Style                          : LUT
RAM Extraction                     : Yes
RAM Style                          : Auto
ROM Extraction                     : Yes
Mux Style                          : Auto
Decoder Extraction                 : YES
Priority Encoder Extraction        : Yes
Shift Register Extraction          : YES
Logical Shifter Extraction         : YES
XOR Collapsing                     : YES
ROM Style                          : Auto
Mux Extraction                     : Yes
Resource Sharing                   : YES
Asynchronous To Synchronous        : NO
Multiplier Style                   : Auto
Automatic Register Balancing       : No

---- Target Options
Add IO Buffers                     : YES
Global Maximum Fanout              : 500
Add Generic Clock Buffer(BUFG)     : 24
Register Duplication               : YES
Slice Packing                      : YES
Optimize Instantiated Primitives   : NO
Use Clock Enable                   : Yes
Use Synchronous Set                : Yes
Use Synchronous Reset              : Yes
Pack IO Registers into IOBs        : Auto
Equivalent register Removal        : YES

---- General Options
Optimization Goal                  : Speed
Optimization Effort                : 1
Keep Hierarchy                     : No
Netlist Hierarchy                  : As_Optimized
RTL Output                         : Yes
Global Optimization                : AllClockNets
Read Cores                         : YES
Write Timing Constraints           : NO
Cross Clock Analysis               : NO
Hierarchy Separator                : /
Bus Delimiter                      : <>
Case Specifier                     : Maintain
Slice Utilization Ratio            : 100
BRAM Utilization Ratio             : 100
Verilog 2001                       : YES
Auto BRAM Packing                  : NO
Slice Utilization Ratio Delta      : 5

=========================================================================


=========================================================================
*                          HDL Compilation                              *
=========================================================================
Compiling vhdl file "C:/Xilinx/12.4/ISE_DS/EDK/hw/XilinxProcessorIPLib/pcores/proc_common_v3_00_a/hdl/vhdl/proc_common_pkg.vhd" in Library proc_common_v3_00_a.
Architecture proc_common_pkg of Entity proc_common_pkg is up to date.
Compiling vhdl file "C:/Xilinx/12.4/ISE_DS/EDK/hw/XilinxProcessorIPLib/pcores/proc_common_v3_00_a/hdl/vhdl/or_muxcy.vhd" in Library proc_common_v3_00_a.
Architecture implementation of Entity or_muxcy is up to date.
Compiling vhdl file "C:/Xilinx/12.4/ISE_DS/EDK/hw/XilinxProcessorIPLib/pcores/proc_common_v3_00_a/hdl/vhdl/family_support.vhd" in Library proc_common_v3_00_a.
Architecture family_support of Entity family_support is up to date.
Compiling vhdl file "C:/Xilinx/12.4/ISE_DS/EDK/hw/XilinxProcessorIPLib/pcores/proc_common_v3_00_a/hdl/vhdl/counter_f.vhd" in Library proc_common_v3_00_a.
Architecture imp of Entity counter_f is up to date.
Compiling vhdl file "C:/Xilinx/12.4/ISE_DS/EDK/hw/XilinxProcessorIPLib/pcores/proc_common_v3_00_a/hdl/vhdl/pselect_f.vhd" in Library proc_common_v3_00_a.
Architecture imp of Entity pselect_f is up to date.
Compiling vhdl file "C:/Xilinx/12.4/ISE_DS/EDK/hw/XilinxProcessorIPLib/pcores/proc_common_v3_00_a/hdl/vhdl/or_gate128.vhd" in Library proc_common_v3_00_a.
Architecture imp of Entity or_gate128 is up to date.
Compiling vhdl file "C:/Xilinx/12.4/ISE_DS/EDK/hw/XilinxProcessorIPLib/pcores/proc_common_v3_00_a/hdl/vhdl/ipif_pkg.vhd" in Library proc_common_v3_00_a.
Architecture ipif_pkg of Entity ipif_pkg is up to date.
Compiling vhdl file "//vboxsvr/workarea/SysEmp/ProyectoFinal/ProyectoFinalSDE/Proyecto/pcores/digilentspartan3e1600spi_v2_00_a/hdl/vhdl/rising_edge_detector.vhd" in Library work.
Architecture behavioral of Entity rising_edge_detector is up to date.
Compiling vhdl file "C:/Xilinx/12.4/ISE_DS/EDK/hw/XilinxProcessorIPLib/pcores/plbv46_slave_single_v1_01_a/hdl/vhdl/plb_address_decoder.vhd" in Library plbv46_slave_single_v1_01_a.
Architecture imp of Entity plb_address_decoder is up to date.
Compiling vhdl file "//vboxsvr/workarea/SysEmp/ProyectoFinal/ProyectoFinalSDE/Proyecto/pcores/digilentspartan3e1600spi_v2_00_a/hdl/vhdl/spi_slave_interface.vhd" in Library work.
Architecture arch of Entity spi_slave_interface is up to date.
Compiling vhdl file "C:/Xilinx/12.4/ISE_DS/EDK/hw/XilinxProcessorIPLib/pcores/plbv46_slave_single_v1_01_a/hdl/vhdl/plb_slave_attachment.vhd" in Library plbv46_slave_single_v1_01_a.
Architecture implementation of Entity plb_slave_attachment is up to date.
Compiling vhdl file "C:/Xilinx/12.4/ISE_DS/EDK/hw/XilinxProcessorIPLib/pcores/plbv46_slave_single_v1_01_a/hdl/vhdl/plbv46_slave_single.vhd" in Library plbv46_slave_single_v1_01_a.
Architecture implementation of Entity plbv46_slave_single is up to date.
Compiling vhdl file "//vboxsvr/workarea/SysEmp/ProyectoFinal/ProyectoFinalSDE/Proyecto/pcores/digilentspartan3e1600spi_v2_00_a/hdl/vhdl/user_logic.vhd" in Library digilentspartan3e1600spi_v2_00_a.
Architecture imp of Entity user_logic is up to date.
Compiling vhdl file "//vboxsvr/workarea/SysEmp/ProyectoFinal/ProyectoFinalSDE/Proyecto/pcores/digilentspartan3e1600spi_v2_00_a/hdl/vhdl/digilentspartan3e1600spi.vhd" in Library digilentspartan3e1600spi_v2_00_a.
Architecture imp of Entity digilentspartan3e1600spi is up to date.

=========================================================================
*                     Design Hierarchy Analysis                         *
=========================================================================
Analyzing hierarchy for entity <digilentspartan3e1600spi> in library <digilentspartan3e1600spi_v2_00_a> (architecture <imp>) with generics.
	C_BASEADDR = "11111111111111111111111111111111"
	C_FAMILY = "virtex5"
	C_HIGHADDR = "00000000000000000000000000000000"
	C_INCLUDE_DPHASE_TIMER = 0
	C_SPLB_AWIDTH = 32
	C_SPLB_CLK_PERIOD_PS = 10000
	C_SPLB_DWIDTH = 128
	C_SPLB_MID_WIDTH = 3
	C_SPLB_NATIVE_DWIDTH = 32
	C_SPLB_NUM_MASTERS = 8
	C_SPLB_P2P = 0
	C_SPLB_SMALLEST_MASTER = 32
	C_SPLB_SUPPORT_BURSTS = 0
WARNING:Xst:821 - "C:/Xilinx/12.4/ISE_DS/EDK/hw/XilinxProcessorIPLib/pcores/proc_common_v3_00_a/hdl/vhdl/proc_common_pkg.vhd" line 272: Loop body will iterate zero times

Analyzing hierarchy for entity <plbv46_slave_single> in library <plbv46_slave_single_v1_01_a> (architecture <implementation>) with generics.
	C_ARD_ADDR_RANGE_ARRAY = ("0000000000000000000000000000000011111111111111111111111111111111",
	                          "0000000000000000000000000000000000000000000000000000000000000000")
	C_ARD_NUM_CE_ARRAY = (1)
	C_BUS2CORE_CLK_RATIO = 1
	C_FAMILY = "virtex5"
	C_INCLUDE_DPHASE_TIMER = 0
	C_SIPIF_DWIDTH = 32
	C_SPLB_AWIDTH = 32
	C_SPLB_DWIDTH = 128
	C_SPLB_MID_WIDTH = 3
	C_SPLB_NUM_MASTERS = 8
	C_SPLB_P2P = 0

Analyzing hierarchy for entity <user_logic> in library <digilentspartan3e1600spi_v2_00_a> (architecture <IMP>) with generics.
	C_NUM_REG = 1
	C_SLV_DWIDTH = 32

Analyzing hierarchy for entity <plb_slave_attachment> in library <plbv46_slave_single_v1_01_a> (architecture <implementation>) with generics.
	C_ARD_ADDR_RANGE_ARRAY = ("0000000000000000000000000000000011111111111111111111111111111111",
	                          "0000000000000000000000000000000000000000000000000000000000000000")
	C_ARD_NUM_CE_ARRAY = (1)
	C_BUS2CORE_CLK_RATIO = 1
	C_DPHASE_TIMEOUT = 128
	C_FAMILY = "virtex5"
	C_INCLUDE_DPHASE_TIMER = 0
	C_IPIF_ABUS_WIDTH = 32
	C_IPIF_DBUS_WIDTH = 32
	C_PLB_MID_WIDTH = 3
	C_PLB_NUM_MASTERS = 8
	C_SPLB_P2P = 0

Analyzing hierarchy for entity <spi_slave_interface> in library <work> (architecture <arch>).

Analyzing hierarchy for entity <plb_address_decoder> in library <plbv46_slave_single_v1_01_a> (architecture <IMP>) with generics.
	C_ARD_ADDR_RANGE_ARRAY = ("0000000000000000000000000000000011111111111111111111111111111111",
	                          "0000000000000000000000000000000000000000000000000000000000000000")
	C_ARD_NUM_CE_ARRAY = (1)
	C_BUS_AWIDTH = 32
	C_FAMILY = "nofamily"
	C_SPLB_P2P = 0

Analyzing hierarchy for entity <rising_edge_detector> in library <work> (architecture <behavioral>).

Analyzing hierarchy for entity <pselect_f> in library <proc_common_v3_00_a> (architecture <imp>) with generics.
	C_AB = 0
	C_AW = 32
	C_BAR = "11111111111111111111111111111111"
	C_FAMILY = "nofamily"

Analyzing hierarchy for entity <or_gate128> in library <proc_common_v3_00_a> (architecture <imp>) with generics.
	C_BUS_WIDTH = 1
	C_OR_WIDTH = 1
	C_USE_LUT_OR = false

Analyzing hierarchy for entity <or_muxcy> in library <proc_common_v3_00_a> (architecture <implementation>) with generics.
	C_NUM_BITS = 1


=========================================================================
*                            HDL Analysis                               *
=========================================================================
Analyzing generic Entity <digilentspartan3e1600spi> in library <digilentspartan3e1600spi_v2_00_a> (Architecture <imp>).
	C_BASEADDR = "11111111111111111111111111111111"
	C_FAMILY = "virtex5"
	C_HIGHADDR = "00000000000000000000000000000000"
	C_INCLUDE_DPHASE_TIMER = 0
	C_SPLB_AWIDTH = 32
	C_SPLB_CLK_PERIOD_PS = 10000
	C_SPLB_DWIDTH = 128
	C_SPLB_MID_WIDTH = 3
	C_SPLB_NATIVE_DWIDTH = 32
	C_SPLB_NUM_MASTERS = 8
	C_SPLB_P2P = 0
	C_SPLB_SMALLEST_MASTER = 32
	C_SPLB_SUPPORT_BURSTS = 0
WARNING:Xst:37 - Detected unknown constraint/property "SIGIS". This constraint/property is not supported by the current software release and will be ignored.
WARNING:Xst:37 - Detected unknown constraint/property "SIGIS". This constraint/property is not supported by the current software release and will be ignored.
WARNING:Xst:821 - "C:/Xilinx/12.4/ISE_DS/EDK/hw/XilinxProcessorIPLib/pcores/proc_common_v3_00_a/hdl/vhdl/proc_common_pkg.vhd" line 272: Loop body will iterate zero times
WARNING:Xst:37 - Detected unknown constraint/property "SIGIS". This constraint/property is not supported by the current software release and will be ignored.
WARNING:Xst:37 - Detected unknown constraint/property "SIGIS". This constraint/property is not supported by the current software release and will be ignored.
Entity <digilentspartan3e1600spi> analyzed. Unit <digilentspartan3e1600spi> generated.

Analyzing generic Entity <plbv46_slave_single> in library <plbv46_slave_single_v1_01_a> (Architecture <implementation>).
	C_ARD_ADDR_RANGE_ARRAY = ("0000000000000000000000000000000011111111111111111111111111111111",
	                          "0000000000000000000000000000000000000000000000000000000000000000")
	C_ARD_NUM_CE_ARRAY = (1)
	C_BUS2CORE_CLK_RATIO = 1
	C_FAMILY = "virtex5"
	C_INCLUDE_DPHASE_TIMER = 0
	C_SIPIF_DWIDTH = 32
	C_SPLB_AWIDTH = 32
	C_SPLB_DWIDTH = 128
	C_SPLB_MID_WIDTH = 3
	C_SPLB_NUM_MASTERS = 8
	C_SPLB_P2P = 0
INFO:Xst:1561 - "C:/Xilinx/12.4/ISE_DS/EDK/hw/XilinxProcessorIPLib/pcores/plbv46_slave_single_v1_01_a/hdl/vhdl/plbv46_slave_single.vhd" line 535: Mux is complete : default of case is discarded
Entity <plbv46_slave_single> analyzed. Unit <plbv46_slave_single> generated.

Analyzing generic Entity <plb_slave_attachment> in library <plbv46_slave_single_v1_01_a> (Architecture <implementation>).
	C_ARD_ADDR_RANGE_ARRAY = ("0000000000000000000000000000000011111111111111111111111111111111",
	                          "0000000000000000000000000000000000000000000000000000000000000000")
	C_ARD_NUM_CE_ARRAY = (1)
	C_BUS2CORE_CLK_RATIO = 1
	C_DPHASE_TIMEOUT = 128
	C_FAMILY = "virtex5"
	C_INCLUDE_DPHASE_TIMER = 0
	C_IPIF_ABUS_WIDTH = 32
	C_IPIF_DBUS_WIDTH = 32
	C_PLB_MID_WIDTH = 3
	C_PLB_NUM_MASTERS = 8
	C_SPLB_P2P = 0
Entity <plb_slave_attachment> analyzed. Unit <plb_slave_attachment> generated.

Analyzing generic Entity <plb_address_decoder> in library <plbv46_slave_single_v1_01_a> (Architecture <IMP>).
	C_ARD_ADDR_RANGE_ARRAY = ("0000000000000000000000000000000011111111111111111111111111111111",
	                          "0000000000000000000000000000000000000000000000000000000000000000")
	C_ARD_NUM_CE_ARRAY = (1)
	C_BUS_AWIDTH = 32
	C_FAMILY = "nofamily"
	C_SPLB_P2P = 0
Entity <plb_address_decoder> analyzed. Unit <plb_address_decoder> generated.

Analyzing generic Entity <pselect_f> in library <proc_common_v3_00_a> (Architecture <imp>).
	C_AB = 0
	C_AW = 32
	C_BAR = "11111111111111111111111111111111"
	C_FAMILY = "nofamily"
Entity <pselect_f> analyzed. Unit <pselect_f> generated.

Analyzing generic Entity <or_gate128> in library <proc_common_v3_00_a> (Architecture <imp>).
	C_BUS_WIDTH = 1
	C_OR_WIDTH = 1
	C_USE_LUT_OR = false
Entity <or_gate128> analyzed. Unit <or_gate128> generated.

Analyzing generic Entity <or_muxcy> in library <proc_common_v3_00_a> (Architecture <implementation>).
	C_NUM_BITS = 1
Entity <or_muxcy> analyzed. Unit <or_muxcy> generated.

Analyzing generic Entity <user_logic> in library <digilentspartan3e1600spi_v2_00_a> (Architecture <IMP>).
	C_NUM_REG = 1
	C_SLV_DWIDTH = 32
WARNING:Xst:37 - Detected unknown constraint/property "SIGIS". This constraint/property is not supported by the current software release and will be ignored.
WARNING:Xst:37 - Detected unknown constraint/property "SIGIS". This constraint/property is not supported by the current software release and will be ignored.
Entity <user_logic> analyzed. Unit <user_logic> generated.

Analyzing Entity <spi_slave_interface> in library <work> (Architecture <arch>).
Entity <spi_slave_interface> analyzed. Unit <spi_slave_interface> generated.

Analyzing Entity <rising_edge_detector> in library <work> (Architecture <behavioral>).
Entity <rising_edge_detector> analyzed. Unit <rising_edge_detector> generated.


=========================================================================
*                           HDL Synthesis                               *
=========================================================================

Performing bidirectional port resolution...

Synthesizing Unit <pselect_f>.
    Related source file is "C:/Xilinx/12.4/ISE_DS/EDK/hw/XilinxProcessorIPLib/pcores/proc_common_v3_00_a/hdl/vhdl/pselect_f.vhd".
WARNING:Xst:647 - Input <A> is never used. This port will be preserved and left unconnected if it belongs to a top-level block or it belongs to a sub-block and the hierarchy of this sub-block is preserved.
Unit <pselect_f> synthesized.


Synthesizing Unit <or_muxcy>.
    Related source file is "C:/Xilinx/12.4/ISE_DS/EDK/hw/XilinxProcessorIPLib/pcores/proc_common_v3_00_a/hdl/vhdl/or_muxcy.vhd".
Unit <or_muxcy> synthesized.


Synthesizing Unit <rising_edge_detector>.
    Related source file is "//vboxsvr/workarea/SysEmp/ProyectoFinal/ProyectoFinalSDE/Proyecto/pcores/digilentspartan3e1600spi_v2_00_a/hdl/vhdl/rising_edge_detector.vhd".
    Found finite state machine <FSM_0> for signal <rising_edge_detector_fsm_curr_st>.
    -----------------------------------------------------------------------
    | States             | 3                                              |
    | Transitions        | 6                                              |
    | Inputs             | 1                                              |
    | Outputs            | 1                                              |
    | Clock              | clk                       (rising_edge)        |
    | Reset              | rst                       (positive)           |
    | Reset type         | synchronous                                    |
    | Reset State        | zero                                           |
    | Power Up State     | zero                                           |
    | Encoding           | automatic                                      |
    | Implementation     | LUT                                            |
    -----------------------------------------------------------------------
    Summary:
	inferred   1 Finite State Machine(s).
Unit <rising_edge_detector> synthesized.


Synthesizing Unit <or_gate128>.
    Related source file is "C:/Xilinx/12.4/ISE_DS/EDK/hw/XilinxProcessorIPLib/pcores/proc_common_v3_00_a/hdl/vhdl/or_gate128.vhd".
WARNING:Xst:1780 - Signal <test> is never used or assigned. This unconnected signal will be trimmed during the optimization process.
Unit <or_gate128> synthesized.


Synthesizing Unit <spi_slave_interface>.
    Related source file is "//vboxsvr/workarea/SysEmp/ProyectoFinal/ProyectoFinalSDE/Proyecto/pcores/digilentspartan3e1600spi_v2_00_a/hdl/vhdl/spi_slave_interface.vhd".
    Found finite state machine <FSM_1> for signal <CurrentState>.
    -----------------------------------------------------------------------
    | States             | 3                                              |
    | Transitions        | 6                                              |
    | Inputs             | 2                                              |
    | Outputs            | 1                                              |
    | Clock              | clk                       (rising_edge)        |
    | Reset              | rst                       (positive)           |
    | Reset type         | synchronous                                    |
    | Reset State        | ststandby                                      |
    | Power Up State     | ststandby                                      |
    | Encoding           | automatic                                      |
    | Implementation     | LUT                                            |
    -----------------------------------------------------------------------
    Summary:
	inferred   1 Finite State Machine(s).
Unit <spi_slave_interface> synthesized.


Synthesizing Unit <user_logic>.
    Related source file is "//vboxsvr/workarea/SysEmp/ProyectoFinal/ProyectoFinalSDE/Proyecto/pcores/digilentspartan3e1600spi_v2_00_a/hdl/vhdl/user_logic.vhd".
WARNING:Xst:647 - Input <Bus2IP_Data> is never used. This port will be preserved and left unconnected if it belongs to a top-level block or it belongs to a sub-block and the hierarchy of this sub-block is preserved.
WARNING:Xst:647 - Input <Bus2IP_RdCE<0>> is never used. This port will be preserved and left unconnected if it belongs to a top-level block or it belongs to a sub-block and the hierarchy of this sub-block is preserved.
WARNING:Xst:647 - Input <Bus2IP_WrCE<0>> is never used. This port will be preserved and left unconnected if it belongs to a top-level block or it belongs to a sub-block and the hierarchy of this sub-block is preserved.
WARNING:Xst:647 - Input <Bus2IP_BE> is never used. This port will be preserved and left unconnected if it belongs to a top-level block or it belongs to a sub-block and the hierarchy of this sub-block is preserved.
Unit <user_logic> synthesized.


Synthesizing Unit <plb_address_decoder>.
    Related source file is "C:/Xilinx/12.4/ISE_DS/EDK/hw/XilinxProcessorIPLib/pcores/plbv46_slave_single_v1_01_a/hdl/vhdl/plb_address_decoder.vhd".
WARNING:Xst:647 - Input <Bus_RNW_Erly> is never used. This port will be preserved and left unconnected if it belongs to a top-level block or it belongs to a sub-block and the hierarchy of this sub-block is preserved.
WARNING:Xst:647 - Input <Address_In_Erly> is never used. This port will be preserved and left unconnected if it belongs to a top-level block or it belongs to a sub-block and the hierarchy of this sub-block is preserved.
WARNING:Xst:647 - Input <Address_Valid_Erly> is never used. This port will be preserved and left unconnected if it belongs to a top-level block or it belongs to a sub-block and the hierarchy of this sub-block is preserved.
WARNING:Xst:646 - Signal <cs_s_h_clr> is assigned but never used. This unconnected signal will be trimmed during the optimization process.
WARNING:Xst:646 - Signal <cs_ce_clr> is assigned but never used. This unconnected signal will be trimmed during the optimization process.
WARNING:Xst:646 - Signal <addr_out_s_h> is assigned but never used. This unconnected signal will be trimmed during the optimization process.
WARNING:Xst:646 - Signal <addr_match_clr> is assigned but never used. This unconnected signal will be trimmed during the optimization process.
    Found 1-bit register for signal <cs_out_i<0>>.
    Found 1-bit register for signal <cs_out_s_h<0>>.
    Found 1-bit register for signal <decode_hit_reg>.
    Found 1-bit register for signal <rdce_out_i<0>>.
    Found 1-bit register for signal <rnw_s_h>.
    Found 1-bit register for signal <wrce_out_i<0>>.
    Summary:
	inferred   6 D-type flip-flop(s).
Unit <plb_address_decoder> synthesized.


Synthesizing Unit <plb_slave_attachment>.
    Related source file is "C:/Xilinx/12.4/ISE_DS/EDK/hw/XilinxProcessorIPLib/pcores/plbv46_slave_single_v1_01_a/hdl/vhdl/plb_slave_attachment.vhd".
WARNING:Xst:647 - Input <PLB_UABus> is never used. This port will be preserved and left unconnected if it belongs to a top-level block or it belongs to a sub-block and the hierarchy of this sub-block is preserved.
WARNING:Xst:1780 - Signal <valid_plb_type> is never used or assigned. This unconnected signal will be trimmed during the optimization process.
WARNING:Xst:1780 - Signal <valid_plb_size> is never used or assigned. This unconnected signal will be trimmed during the optimization process.
WARNING:Xst:646 - Signal <start_data_phase> is assigned but never used. This unconnected signal will be trimmed during the optimization process.
WARNING:Xst:1780 - Signal <sl_wrdack_ns> is never used or assigned. This unconnected signal will be trimmed during the optimization process.
WARNING:Xst:1780 - Signal <sl_wrcomp_ns> is never used or assigned. This unconnected signal will be trimmed during the optimization process.
WARNING:Xst:1780 - Signal <sl_wait_ns> is never used or assigned. This unconnected signal will be trimmed during the optimization process.
WARNING:Xst:1780 - Signal <sl_rddack_ns> is never used or assigned. This unconnected signal will be trimmed during the optimization process.
WARNING:Xst:1780 - Signal <sl_rdcomp_ns> is never used or assigned. This unconnected signal will be trimmed during the optimization process.
WARNING:Xst:1780 - Signal <sl_data_ack> is never used or assigned. This unconnected signal will be trimmed during the optimization process.
WARNING:Xst:1780 - Signal <set_sl_busy_ns> is never used or assigned. This unconnected signal will be trimmed during the optimization process.
WARNING:Xst:1780 - Signal <rd_ce_ld_enable> is never used or assigned. This unconnected signal will be trimmed during the optimization process.
WARNING:Xst:1780 - Signal <clear_sl_rd_busy_ns> is never used or assigned. This unconnected signal will be trimmed during the optimization process.
WARNING:Xst:1780 - Signal <clear_sl_rd_busy> is never used or assigned. This unconnected signal will be trimmed during the optimization process.
WARNING:Xst:1780 - Signal <clear_sl_busy_ns> is never used or assigned. This unconnected signal will be trimmed during the optimization process.
WARNING:Xst:1780 - Signal <clear_rd_ce> is never used or assigned. This unconnected signal will be trimmed during the optimization process.
    Register <sl_rdcomp_i> equivalent to <rd_clear_sl_busy> has been removed
    Register <sl_rddack_i> equivalent to <rd_clear_sl_busy> has been removed
    Register <sl_addrack_i> equivalent to <set_sl_busy> has been removed
    Register <sl_wrdack_i> equivalent to <sl_wrcomp_i> has been removed
    Register <wr_clear_sl_busy> equivalent to <sl_wrcomp_i> has been removed
    Found 1-bit register for signal <addr_cntl_cs<0>>.
    Found 1-bit register for signal <addr_cycle_flush>.
    Found 32-bit register for signal <bus2ip_addr_i>.
    Found 4-bit register for signal <bus2ip_be_i>.
    Found 1-bit register for signal <bus2ip_rnw_i>.
    Found 3-bit register for signal <master_id>.
    Found 32-bit register for signal <plb_abus_reg>.
    Found 4-bit register for signal <plb_be_reg>.
    Found 3-bit register for signal <plb_masterid_reg>.
    Found 1-bit register for signal <plb_pavalid_reg>.
    Found 1-bit register for signal <plb_rnw_reg>.
    Found 4-bit register for signal <plb_size_reg>.
    Found 3-bit register for signal <plb_type_reg>.
    Found 32-bit register for signal <plb_wrdbus_reg>.
    Found 1-bit register for signal <rd_clear_sl_busy>.
    Found 1-bit register for signal <set_sl_busy>.
    Found 1-bit register for signal <sl_busy>.
    Found 8-bit register for signal <sl_mbusy_i>.
    Found 8-bit register for signal <sl_mrderr_i>.
    Found 8-bit register for signal <sl_mwrerr_i>.
    Found 32-bit register for signal <sl_rddbus_i>.
    Found 1-bit register for signal <sl_rearbitrate_i>.
    Found 1-bit register for signal <sl_wrcomp_i>.
    Summary:
	inferred 183 D-type flip-flop(s).
Unit <plb_slave_attachment> synthesized.


Synthesizing Unit <plbv46_slave_single>.
    Related source file is "C:/Xilinx/12.4/ISE_DS/EDK/hw/XilinxProcessorIPLib/pcores/plbv46_slave_single_v1_01_a/hdl/vhdl/plbv46_slave_single.vhd".
WARNING:Xst:647 - Input <PLB_wrPrim> is never used. This port will be preserved and left unconnected if it belongs to a top-level block or it belongs to a sub-block and the hierarchy of this sub-block is preserved.
WARNING:Xst:647 - Input <PLB_MSize> is never used. This port will be preserved and left unconnected if it belongs to a top-level block or it belongs to a sub-block and the hierarchy of this sub-block is preserved.
WARNING:Xst:647 - Input <PLB_rdBurst> is never used. This port will be preserved and left unconnected if it belongs to a top-level block or it belongs to a sub-block and the hierarchy of this sub-block is preserved.
WARNING:Xst:647 - Input <PLB_SAValid> is never used. This port will be preserved and left unconnected if it belongs to a top-level block or it belongs to a sub-block and the hierarchy of this sub-block is preserved.
WARNING:Xst:647 - Input <PLB_wrPendReq> is never used. This port will be preserved and left unconnected if it belongs to a top-level block or it belongs to a sub-block and the hierarchy of this sub-block is preserved.
WARNING:Xst:647 - Input <PLB_wrPendPri> is never used. This port will be preserved and left unconnected if it belongs to a top-level block or it belongs to a sub-block and the hierarchy of this sub-block is preserved.
WARNING:Xst:647 - Input <PLB_rdPendReq> is never used. This port will be preserved and left unconnected if it belongs to a top-level block or it belongs to a sub-block and the hierarchy of this sub-block is preserved.
WARNING:Xst:647 - Input <PLB_rdPendPri> is never used. This port will be preserved and left unconnected if it belongs to a top-level block or it belongs to a sub-block and the hierarchy of this sub-block is preserved.
WARNING:Xst:647 - Input <PLB_busLock> is never used. This port will be preserved and left unconnected if it belongs to a top-level block or it belongs to a sub-block and the hierarchy of this sub-block is preserved.
WARNING:Xst:647 - Input <PLB_wrDBus<32:127>> is never used. This port will be preserved and left unconnected if it belongs to a top-level block or it belongs to a sub-block and the hierarchy of this sub-block is preserved.
WARNING:Xst:647 - Input <PLB_reqPri> is never used. This port will be preserved and left unconnected if it belongs to a top-level block or it belongs to a sub-block and the hierarchy of this sub-block is preserved.
WARNING:Xst:647 - Input <PLB_lockErr> is never used. This port will be preserved and left unconnected if it belongs to a top-level block or it belongs to a sub-block and the hierarchy of this sub-block is preserved.
WARNING:Xst:647 - Input <PLB_wrBurst> is never used. This port will be preserved and left unconnected if it belongs to a top-level block or it belongs to a sub-block and the hierarchy of this sub-block is preserved.
WARNING:Xst:647 - Input <PLB_TAttribute> is never used. This port will be preserved and left unconnected if it belongs to a top-level block or it belongs to a sub-block and the hierarchy of this sub-block is preserved.
WARNING:Xst:647 - Input <PLB_rdPrim> is never used. This port will be preserved and left unconnected if it belongs to a top-level block or it belongs to a sub-block and the hierarchy of this sub-block is preserved.
WARNING:Xst:647 - Input <PLB_abort> is never used. This port will be preserved and left unconnected if it belongs to a top-level block or it belongs to a sub-block and the hierarchy of this sub-block is preserved.
    Found 4-bit 4-to-1 multiplexer for signal <plb_be_muxed>.
    Summary:
	inferred   4 Multiplexer(s).
Unit <plbv46_slave_single> synthesized.


Synthesizing Unit <digilentspartan3e1600spi>.
    Related source file is "//vboxsvr/workarea/SysEmp/ProyectoFinal/ProyectoFinalSDE/Proyecto/pcores/digilentspartan3e1600spi_v2_00_a/hdl/vhdl/digilentspartan3e1600spi.vhd".
WARNING:Xst:646 - Signal <ipif_Bus2IP_RNW> is assigned but never used. This unconnected signal will be trimmed during the optimization process.
WARNING:Xst:646 - Signal <ipif_Bus2IP_CS<0>> is assigned but never used. This unconnected signal will be trimmed during the optimization process.
WARNING:Xst:646 - Signal <ipif_Bus2IP_Addr> is assigned but never used. This unconnected signal will be trimmed during the optimization process.
Unit <digilentspartan3e1600spi> synthesized.


=========================================================================
HDL Synthesis Report

Macro Statistics
# Registers                                            : 50
 1-bit register                                        : 40
 3-bit register                                        : 3
 32-bit register                                       : 4
 4-bit register                                        : 3
# Multiplexers                                         : 1
 4-bit 4-to-1 multiplexer                              : 1

=========================================================================

=========================================================================
*                       Advanced HDL Synthesis                          *
=========================================================================

Analyzing FSM <FSM_1> for best encoding.
Optimizing FSM <USER_LOGIC_I/Inst_spi_slave_interface/CurrentState/FSM> on signal <CurrentState[1:2]> with user encoding.
------------------------
 State      | Encoding
------------------------
 ststandby  | 00
 stconv     | 01
 streaddata | 10
------------------------
Analyzing FSM <FSM_0> for best encoding.
Optimizing FSM <USER_LOGIC_I/Inst_spi_slave_interface/sck_rising_edge_det/rising_edge_detector_fsm_curr_st/FSM> on signal <rising_edge_detector_fsm_curr_st[1:3]> with one-hot encoding.
-------------------
 State | Encoding
-------------------
 zero  | 001
 edge  | 010
 one   | 100
-------------------
INFO:Xst:2261 - The FF/Latch <rd_clear_sl_busy> in Unit <I_SLAVE_ATTACHMENT> is equivalent to the following FF/Latch, which will be removed : <sl_wrcomp_i> 
INFO:Xst:2261 - The FF/Latch <sl_mwrerr_i_0> in Unit <I_SLAVE_ATTACHMENT> is equivalent to the following 15 FFs/Latches, which will be removed : <sl_mwrerr_i_1> <sl_mwrerr_i_2> <sl_mwrerr_i_4> <sl_mwrerr_i_3> <sl_mwrerr_i_5> <sl_mwrerr_i_6> <sl_mwrerr_i_7> <sl_mrderr_i_0> <sl_mrderr_i_1> <sl_mrderr_i_2> <sl_mrderr_i_3> <sl_mrderr_i_6> <sl_mrderr_i_4> <sl_mrderr_i_5> <sl_mrderr_i_7> 
WARNING:Xst:1710 - FF/Latch <sl_rddbus_i_15> (without init value) has a constant value of 0 in block <I_SLAVE_ATTACHMENT>. This FF/Latch will be trimmed during the optimization process.
WARNING:Xst:1710 - FF/Latch <sl_rddbus_i_14> (without init value) has a constant value of 0 in block <I_SLAVE_ATTACHMENT>. This FF/Latch will be trimmed during the optimization process.
WARNING:Xst:1710 - FF/Latch <sl_rddbus_i_13> (without init value) has a constant value of 0 in block <I_SLAVE_ATTACHMENT>. This FF/Latch will be trimmed during the optimization process.
WARNING:Xst:1710 - FF/Latch <sl_rddbus_i_12> (without init value) has a constant value of 0 in block <I_SLAVE_ATTACHMENT>. This FF/Latch will be trimmed during the optimization process.
WARNING:Xst:1710 - FF/Latch <sl_rddbus_i_11> (without init value) has a constant value of 0 in block <I_SLAVE_ATTACHMENT>. This FF/Latch will be trimmed during the optimization process.
WARNING:Xst:1710 - FF/Latch <sl_rddbus_i_10> (without init value) has a constant value of 0 in block <I_SLAVE_ATTACHMENT>. This FF/Latch will be trimmed during the optimization process.
WARNING:Xst:1710 - FF/Latch <sl_rddbus_i_9> (without init value) has a constant value of 0 in block <I_SLAVE_ATTACHMENT>. This FF/Latch will be trimmed during the optimization process.
WARNING:Xst:1710 - FF/Latch <sl_rddbus_i_8> (without init value) has a constant value of 0 in block <I_SLAVE_ATTACHMENT>. This FF/Latch will be trimmed during the optimization process.
WARNING:Xst:1710 - FF/Latch <sl_rddbus_i_7> (without init value) has a constant value of 0 in block <I_SLAVE_ATTACHMENT>. This FF/Latch will be trimmed during the optimization process.
WARNING:Xst:1710 - FF/Latch <sl_rddbus_i_6> (without init value) has a constant value of 0 in block <I_SLAVE_ATTACHMENT>. This FF/Latch will be trimmed during the optimization process.
WARNING:Xst:1710 - FF/Latch <sl_rddbus_i_5> (without init value) has a constant value of 0 in block <I_SLAVE_ATTACHMENT>. This FF/Latch will be trimmed during the optimization process.
WARNING:Xst:1710 - FF/Latch <sl_rddbus_i_4> (without init value) has a constant value of 0 in block <I_SLAVE_ATTACHMENT>. This FF/Latch will be trimmed during the optimization process.
WARNING:Xst:1710 - FF/Latch <sl_rddbus_i_3> (without init value) has a constant value of 0 in block <I_SLAVE_ATTACHMENT>. This FF/Latch will be trimmed during the optimization process.
WARNING:Xst:1710 - FF/Latch <sl_rddbus_i_2> (without init value) has a constant value of 0 in block <I_SLAVE_ATTACHMENT>. This FF/Latch will be trimmed during the optimization process.
WARNING:Xst:1710 - FF/Latch <sl_rddbus_i_1> (without init value) has a constant value of 0 in block <I_SLAVE_ATTACHMENT>. This FF/Latch will be trimmed during the optimization process.
WARNING:Xst:1710 - FF/Latch <sl_rddbus_i_0> (without init value) has a constant value of 0 in block <I_SLAVE_ATTACHMENT>. This FF/Latch will be trimmed during the optimization process.
WARNING:Xst:1710 - FF/Latch <rd_clear_sl_busy> (without init value) has a constant value of 0 in block <I_SLAVE_ATTACHMENT>. This FF/Latch will be trimmed during the optimization process.
WARNING:Xst:1710 - FF/Latch <sl_mwrerr_i_0> (without init value) has a constant value of 0 in block <I_SLAVE_ATTACHMENT>. This FF/Latch will be trimmed during the optimization process.
WARNING:Xst:1710 - FF/Latch <sl_rddbus_i_31> (without init value) has a constant value of 0 in block <I_SLAVE_ATTACHMENT>. This FF/Latch will be trimmed during the optimization process.
WARNING:Xst:1710 - FF/Latch <sl_rddbus_i_30> (without init value) has a constant value of 0 in block <I_SLAVE_ATTACHMENT>. This FF/Latch will be trimmed during the optimization process.
WARNING:Xst:1710 - FF/Latch <sl_rddbus_i_29> (without init value) has a constant value of 0 in block <I_SLAVE_ATTACHMENT>. This FF/Latch will be trimmed during the optimization process.
WARNING:Xst:1710 - FF/Latch <sl_rddbus_i_28> (without init value) has a constant value of 0 in block <I_SLAVE_ATTACHMENT>. This FF/Latch will be trimmed during the optimization process.
WARNING:Xst:1710 - FF/Latch <sl_rddbus_i_27> (without init value) has a constant value of 0 in block <I_SLAVE_ATTACHMENT>. This FF/Latch will be trimmed during the optimization process.
WARNING:Xst:1710 - FF/Latch <sl_rddbus_i_26> (without init value) has a constant value of 0 in block <I_SLAVE_ATTACHMENT>. This FF/Latch will be trimmed during the optimization process.
WARNING:Xst:1710 - FF/Latch <sl_rddbus_i_25> (without init value) has a constant value of 0 in block <I_SLAVE_ATTACHMENT>. This FF/Latch will be trimmed during the optimization process.
WARNING:Xst:1710 - FF/Latch <sl_rddbus_i_24> (without init value) has a constant value of 0 in block <I_SLAVE_ATTACHMENT>. This FF/Latch will be trimmed during the optimization process.
WARNING:Xst:1710 - FF/Latch <sl_rddbus_i_23> (without init value) has a constant value of 0 in block <I_SLAVE_ATTACHMENT>. This FF/Latch will be trimmed during the optimization process.
WARNING:Xst:1710 - FF/Latch <sl_rddbus_i_22> (without init value) has a constant value of 0 in block <I_SLAVE_ATTACHMENT>. This FF/Latch will be trimmed during the optimization process.
WARNING:Xst:1710 - FF/Latch <sl_rddbus_i_21> (without init value) has a constant value of 0 in block <I_SLAVE_ATTACHMENT>. This FF/Latch will be trimmed during the optimization process.
WARNING:Xst:1710 - FF/Latch <sl_rddbus_i_20> (without init value) has a constant value of 0 in block <I_SLAVE_ATTACHMENT>. This FF/Latch will be trimmed during the optimization process.
WARNING:Xst:1710 - FF/Latch <sl_rddbus_i_19> (without init value) has a constant value of 0 in block <I_SLAVE_ATTACHMENT>. This FF/Latch will be trimmed during the optimization process.
WARNING:Xst:1710 - FF/Latch <sl_rddbus_i_18> (without init value) has a constant value of 0 in block <I_SLAVE_ATTACHMENT>. This FF/Latch will be trimmed during the optimization process.
WARNING:Xst:1710 - FF/Latch <sl_rddbus_i_17> (without init value) has a constant value of 0 in block <I_SLAVE_ATTACHMENT>. This FF/Latch will be trimmed during the optimization process.
WARNING:Xst:1710 - FF/Latch <sl_rddbus_i_16> (without init value) has a constant value of 0 in block <I_SLAVE_ATTACHMENT>. This FF/Latch will be trimmed during the optimization process.
WARNING:Xst:1898 - Due to constant pushing, FF/Latch <decode_hit_reg> is unconnected in block <I_DECODER>.

=========================================================================
Advanced HDL Synthesis Report

Macro Statistics
# FSMs                                                 : 2
# Registers                                            : 189
 Flip-Flops                                            : 189
# Multiplexers                                         : 1
 4-bit 4-to-1 multiplexer                              : 1

=========================================================================

=========================================================================
*                         Low Level Synthesis                           *
=========================================================================
INFO:Xst:2261 - The FF/Latch <addr_cntl_cs_0> in Unit <plb_slave_attachment> is equivalent to the following FF/Latch, which will be removed : <addr_cycle_flush> 
INFO:Xst:2261 - The FF/Latch <sl_rddbus_i_31> in Unit <plb_slave_attachment> is equivalent to the following 31 FFs/Latches, which will be removed : <sl_rddbus_i_30> <sl_rddbus_i_29> <sl_rddbus_i_28> <sl_rddbus_i_27> <sl_rddbus_i_26> <sl_rddbus_i_25> <sl_rddbus_i_24> <sl_rddbus_i_23> <sl_rddbus_i_22> <sl_rddbus_i_21> <sl_rddbus_i_20> <sl_rddbus_i_19> <sl_rddbus_i_18> <sl_rddbus_i_17> <sl_rddbus_i_16> <sl_rddbus_i_15> <sl_rddbus_i_14> <sl_rddbus_i_13> <sl_rddbus_i_12> <sl_rddbus_i_11> <sl_rddbus_i_10> <sl_rddbus_i_9> <sl_rddbus_i_8> <sl_rddbus_i_7> <sl_rddbus_i_6> <sl_rddbus_i_5> <sl_rddbus_i_4> <sl_rddbus_i_3> <sl_rddbus_i_2> <sl_rddbus_i_1> <sl_rddbus_i_0> 
INFO:Xst:2261 - The FF/Latch <rd_clear_sl_busy> in Unit <plb_slave_attachment> is equivalent to the following FF/Latch, which will be removed : <sl_wrcomp_i> 
WARNING:Xst:1710 - FF/Latch <rd_clear_sl_busy> (without init value) has a constant value of 0 in block <plb_slave_attachment>. This FF/Latch will be trimmed during the optimization process.
WARNING:Xst:1895 - Due to other FF/Latch trimming, FF/Latch <sl_mrderr_i_7> (without init value) has a constant value of 0 in block <plb_slave_attachment>. This FF/Latch will be trimmed during the optimization process.
WARNING:Xst:1895 - Due to other FF/Latch trimming, FF/Latch <sl_mrderr_i_6> (without init value) has a constant value of 0 in block <plb_slave_attachment>. This FF/Latch will be trimmed during the optimization process.
WARNING:Xst:1895 - Due to other FF/Latch trimming, FF/Latch <sl_mrderr_i_5> (without init value) has a constant value of 0 in block <plb_slave_attachment>. This FF/Latch will be trimmed during the optimization process.
WARNING:Xst:1895 - Due to other FF/Latch trimming, FF/Latch <sl_mrderr_i_3> (without init value) has a constant value of 0 in block <plb_slave_attachment>. This FF/Latch will be trimmed during the optimization process.
WARNING:Xst:1895 - Due to other FF/Latch trimming, FF/Latch <sl_mrderr_i_2> (without init value) has a constant value of 0 in block <plb_slave_attachment>. This FF/Latch will be trimmed during the optimization process.
WARNING:Xst:1895 - Due to other FF/Latch trimming, FF/Latch <sl_mrderr_i_4> (without init value) has a constant value of 0 in block <plb_slave_attachment>. This FF/Latch will be trimmed during the optimization process.
WARNING:Xst:1895 - Due to other FF/Latch trimming, FF/Latch <sl_mrderr_i_0> (without init value) has a constant value of 0 in block <plb_slave_attachment>. This FF/Latch will be trimmed during the optimization process.
WARNING:Xst:1895 - Due to other FF/Latch trimming, FF/Latch <sl_mrderr_i_1> (without init value) has a constant value of 0 in block <plb_slave_attachment>. This FF/Latch will be trimmed during the optimization process.
WARNING:Xst:1895 - Due to other FF/Latch trimming, FF/Latch <sl_mwrerr_i_7> (without init value) has a constant value of 0 in block <plb_slave_attachment>. This FF/Latch will be trimmed during the optimization process.
WARNING:Xst:1895 - Due to other FF/Latch trimming, FF/Latch <sl_mwrerr_i_6> (without init value) has a constant value of 0 in block <plb_slave_attachment>. This FF/Latch will be trimmed during the optimization process.
WARNING:Xst:1895 - Due to other FF/Latch trimming, FF/Latch <sl_mwrerr_i_4> (without init value) has a constant value of 0 in block <plb_slave_attachment>. This FF/Latch will be trimmed during the optimization process.
WARNING:Xst:1895 - Due to other FF/Latch trimming, FF/Latch <sl_rddbus_i_31> (without init value) has a constant value of 0 in block <plb_slave_attachment>. This FF/Latch will be trimmed during the optimization process.
WARNING:Xst:1895 - Due to other FF/Latch trimming, FF/Latch <sl_mwrerr_i_5> (without init value) has a constant value of 0 in block <plb_slave_attachment>. This FF/Latch will be trimmed during the optimization process.
WARNING:Xst:1895 - Due to other FF/Latch trimming, FF/Latch <sl_mwrerr_i_2> (without init value) has a constant value of 0 in block <plb_slave_attachment>. This FF/Latch will be trimmed during the optimization process.
WARNING:Xst:1895 - Due to other FF/Latch trimming, FF/Latch <sl_mwrerr_i_3> (without init value) has a constant value of 0 in block <plb_slave_attachment>. This FF/Latch will be trimmed during the optimization process.
WARNING:Xst:1895 - Due to other FF/Latch trimming, FF/Latch <sl_mwrerr_i_1> (without init value) has a constant value of 0 in block <plb_slave_attachment>. This FF/Latch will be trimmed during the optimization process.
WARNING:Xst:1895 - Due to other FF/Latch trimming, FF/Latch <sl_mwrerr_i_0> (without init value) has a constant value of 0 in block <plb_slave_attachment>. This FF/Latch will be trimmed during the optimization process.

Optimizing unit <digilentspartan3e1600spi> ...

Optimizing unit <plb_address_decoder> ...

Optimizing unit <plb_slave_attachment> ...
WARNING:Xst:2677 - Node <PLBV46_SLAVE_SINGLE_I/I_SLAVE_ATTACHMENT/I_DECODER/rnw_s_h> of sequential type is unconnected in block <digilentspartan3e1600spi>.
WARNING:Xst:2677 - Node <PLBV46_SLAVE_SINGLE_I/I_SLAVE_ATTACHMENT/I_DECODER/rdce_out_i_0> of sequential type is unconnected in block <digilentspartan3e1600spi>.
WARNING:Xst:2677 - Node <PLBV46_SLAVE_SINGLE_I/I_SLAVE_ATTACHMENT/I_DECODER/cs_out_s_h_0> of sequential type is unconnected in block <digilentspartan3e1600spi>.
WARNING:Xst:2677 - Node <PLBV46_SLAVE_SINGLE_I/I_SLAVE_ATTACHMENT/I_DECODER/wrce_out_i_0> of sequential type is unconnected in block <digilentspartan3e1600spi>.
WARNING:Xst:2677 - Node <PLBV46_SLAVE_SINGLE_I/I_SLAVE_ATTACHMENT/I_DECODER/cs_out_i_0> of sequential type is unconnected in block <digilentspartan3e1600spi>.
WARNING:Xst:2677 - Node <PLBV46_SLAVE_SINGLE_I/I_SLAVE_ATTACHMENT/I_DECODER/decode_hit_reg> of sequential type is unconnected in block <digilentspartan3e1600spi>.
WARNING:Xst:2677 - Node <PLBV46_SLAVE_SINGLE_I/I_SLAVE_ATTACHMENT/bus2ip_addr_i_0> of sequential type is unconnected in block <digilentspartan3e1600spi>.
WARNING:Xst:2677 - Node <PLBV46_SLAVE_SINGLE_I/I_SLAVE_ATTACHMENT/bus2ip_addr_i_1> of sequential type is unconnected in block <digilentspartan3e1600spi>.
WARNING:Xst:2677 - Node <PLBV46_SLAVE_SINGLE_I/I_SLAVE_ATTACHMENT/bus2ip_addr_i_2> of sequential type is unconnected in block <digilentspartan3e1600spi>.
WARNING:Xst:2677 - Node <PLBV46_SLAVE_SINGLE_I/I_SLAVE_ATTACHMENT/bus2ip_addr_i_3> of sequential type is unconnected in block <digilentspartan3e1600spi>.
WARNING:Xst:2677 - Node <PLBV46_SLAVE_SINGLE_I/I_SLAVE_ATTACHMENT/bus2ip_addr_i_4> of sequential type is unconnected in block <digilentspartan3e1600spi>.
WARNING:Xst:2677 - Node <PLBV46_SLAVE_SINGLE_I/I_SLAVE_ATTACHMENT/bus2ip_addr_i_5> of sequential type is unconnected in block <digilentspartan3e1600spi>.
WARNING:Xst:2677 - Node <PLBV46_SLAVE_SINGLE_I/I_SLAVE_ATTACHMENT/bus2ip_addr_i_6> of sequential type is unconnected in block <digilentspartan3e1600spi>.
WARNING:Xst:2677 - Node <PLBV46_SLAVE_SINGLE_I/I_SLAVE_ATTACHMENT/bus2ip_addr_i_7> of sequential type is unconnected in block <digilentspartan3e1600spi>.
WARNING:Xst:2677 - Node <PLBV46_SLAVE_SINGLE_I/I_SLAVE_ATTACHMENT/bus2ip_addr_i_8> of sequential type is unconnected in block <digilentspartan3e1600spi>.
WARNING:Xst:2677 - Node <PLBV46_SLAVE_SINGLE_I/I_SLAVE_ATTACHMENT/bus2ip_addr_i_9> of sequential type is unconnected in block <digilentspartan3e1600spi>.
WARNING:Xst:2677 - Node <PLBV46_SLAVE_SINGLE_I/I_SLAVE_ATTACHMENT/bus2ip_addr_i_10> of sequential type is unconnected in block <digilentspartan3e1600spi>.
WARNING:Xst:2677 - Node <PLBV46_SLAVE_SINGLE_I/I_SLAVE_ATTACHMENT/bus2ip_addr_i_11> of sequential type is unconnected in block <digilentspartan3e1600spi>.
WARNING:Xst:2677 - Node <PLBV46_SLAVE_SINGLE_I/I_SLAVE_ATTACHMENT/bus2ip_addr_i_12> of sequential type is unconnected in block <digilentspartan3e1600spi>.
WARNING:Xst:2677 - Node <PLBV46_SLAVE_SINGLE_I/I_SLAVE_ATTACHMENT/bus2ip_addr_i_13> of sequential type is unconnected in block <digilentspartan3e1600spi>.
WARNING:Xst:2677 - Node <PLBV46_SLAVE_SINGLE_I/I_SLAVE_ATTACHMENT/bus2ip_addr_i_14> of sequential type is unconnected in block <digilentspartan3e1600spi>.
WARNING:Xst:2677 - Node <PLBV46_SLAVE_SINGLE_I/I_SLAVE_ATTACHMENT/bus2ip_addr_i_15> of sequential type is unconnected in block <digilentspartan3e1600spi>.
WARNING:Xst:2677 - Node <PLBV46_SLAVE_SINGLE_I/I_SLAVE_ATTACHMENT/bus2ip_addr_i_16> of sequential type is unconnected in block <digilentspartan3e1600spi>.
WARNING:Xst:2677 - Node <PLBV46_SLAVE_SINGLE_I/I_SLAVE_ATTACHMENT/bus2ip_addr_i_17> of sequential type is unconnected in block <digilentspartan3e1600spi>.
WARNING:Xst:2677 - Node <PLBV46_SLAVE_SINGLE_I/I_SLAVE_ATTACHMENT/bus2ip_addr_i_18> of sequential type is unconnected in block <digilentspartan3e1600spi>.
WARNING:Xst:2677 - Node <PLBV46_SLAVE_SINGLE_I/I_SLAVE_ATTACHMENT/bus2ip_addr_i_19> of sequential type is unconnected in block <digilentspartan3e1600spi>.
WARNING:Xst:2677 - Node <PLBV46_SLAVE_SINGLE_I/I_SLAVE_ATTACHMENT/bus2ip_addr_i_20> of sequential type is unconnected in block <digilentspartan3e1600spi>.
WARNING:Xst:2677 - Node <PLBV46_SLAVE_SINGLE_I/I_SLAVE_ATTACHMENT/bus2ip_addr_i_21> of sequential type is unconnected in block <digilentspartan3e1600spi>.
WARNING:Xst:2677 - Node <PLBV46_SLAVE_SINGLE_I/I_SLAVE_ATTACHMENT/bus2ip_addr_i_22> of sequential type is unconnected in block <digilentspartan3e1600spi>.
WARNING:Xst:2677 - Node <PLBV46_SLAVE_SINGLE_I/I_SLAVE_ATTACHMENT/bus2ip_addr_i_23> of sequential type is unconnected in block <digilentspartan3e1600spi>.
WARNING:Xst:2677 - Node <PLBV46_SLAVE_SINGLE_I/I_SLAVE_ATTACHMENT/bus2ip_addr_i_24> of sequential type is unconnected in block <digilentspartan3e1600spi>.
WARNING:Xst:2677 - Node <PLBV46_SLAVE_SINGLE_I/I_SLAVE_ATTACHMENT/bus2ip_addr_i_25> of sequential type is unconnected in block <digilentspartan3e1600spi>.
WARNING:Xst:2677 - Node <PLBV46_SLAVE_SINGLE_I/I_SLAVE_ATTACHMENT/bus2ip_addr_i_26> of sequential type is unconnected in block <digilentspartan3e1600spi>.
WARNING:Xst:2677 - Node <PLBV46_SLAVE_SINGLE_I/I_SLAVE_ATTACHMENT/bus2ip_addr_i_27> of sequential type is unconnected in block <digilentspartan3e1600spi>.
WARNING:Xst:2677 - Node <PLBV46_SLAVE_SINGLE_I/I_SLAVE_ATTACHMENT/bus2ip_addr_i_28> of sequential type is unconnected in block <digilentspartan3e1600spi>.
WARNING:Xst:2677 - Node <PLBV46_SLAVE_SINGLE_I/I_SLAVE_ATTACHMENT/bus2ip_addr_i_29> of sequential type is unconnected in block <digilentspartan3e1600spi>.
WARNING:Xst:2677 - Node <PLBV46_SLAVE_SINGLE_I/I_SLAVE_ATTACHMENT/bus2ip_addr_i_30> of sequential type is unconnected in block <digilentspartan3e1600spi>.
WARNING:Xst:2677 - Node <PLBV46_SLAVE_SINGLE_I/I_SLAVE_ATTACHMENT/bus2ip_addr_i_31> of sequential type is unconnected in block <digilentspartan3e1600spi>.
WARNING:Xst:2677 - Node <PLBV46_SLAVE_SINGLE_I/I_SLAVE_ATTACHMENT/bus2ip_be_i_0> of sequential type is unconnected in block <digilentspartan3e1600spi>.
WARNING:Xst:2677 - Node <PLBV46_SLAVE_SINGLE_I/I_SLAVE_ATTACHMENT/bus2ip_be_i_1> of sequential type is unconnected in block <digilentspartan3e1600spi>.
WARNING:Xst:2677 - Node <PLBV46_SLAVE_SINGLE_I/I_SLAVE_ATTACHMENT/bus2ip_be_i_2> of sequential type is unconnected in block <digilentspartan3e1600spi>.
WARNING:Xst:2677 - Node <PLBV46_SLAVE_SINGLE_I/I_SLAVE_ATTACHMENT/bus2ip_be_i_3> of sequential type is unconnected in block <digilentspartan3e1600spi>.
WARNING:Xst:2677 - Node <PLBV46_SLAVE_SINGLE_I/I_SLAVE_ATTACHMENT/bus2ip_rnw_i> of sequential type is unconnected in block <digilentspartan3e1600spi>.
WARNING:Xst:2677 - Node <PLBV46_SLAVE_SINGLE_I/I_SLAVE_ATTACHMENT/plb_be_reg_0> of sequential type is unconnected in block <digilentspartan3e1600spi>.
WARNING:Xst:2677 - Node <PLBV46_SLAVE_SINGLE_I/I_SLAVE_ATTACHMENT/plb_be_reg_1> of sequential type is unconnected in block <digilentspartan3e1600spi>.
WARNING:Xst:2677 - Node <PLBV46_SLAVE_SINGLE_I/I_SLAVE_ATTACHMENT/plb_be_reg_2> of sequential type is unconnected in block <digilentspartan3e1600spi>.
WARNING:Xst:2677 - Node <PLBV46_SLAVE_SINGLE_I/I_SLAVE_ATTACHMENT/plb_be_reg_3> of sequential type is unconnected in block <digilentspartan3e1600spi>.
WARNING:Xst:2677 - Node <PLBV46_SLAVE_SINGLE_I/I_SLAVE_ATTACHMENT/plb_rnw_reg> of sequential type is unconnected in block <digilentspartan3e1600spi>.
WARNING:Xst:2677 - Node <PLBV46_SLAVE_SINGLE_I/I_SLAVE_ATTACHMENT/plb_abus_reg_0> of sequential type is unconnected in block <digilentspartan3e1600spi>.
WARNING:Xst:2677 - Node <PLBV46_SLAVE_SINGLE_I/I_SLAVE_ATTACHMENT/plb_abus_reg_1> of sequential type is unconnected in block <digilentspartan3e1600spi>.
WARNING:Xst:2677 - Node <PLBV46_SLAVE_SINGLE_I/I_SLAVE_ATTACHMENT/plb_abus_reg_2> of sequential type is unconnected in block <digilentspartan3e1600spi>.
WARNING:Xst:2677 - Node <PLBV46_SLAVE_SINGLE_I/I_SLAVE_ATTACHMENT/plb_abus_reg_3> of sequential type is unconnected in block <digilentspartan3e1600spi>.
WARNING:Xst:2677 - Node <PLBV46_SLAVE_SINGLE_I/I_SLAVE_ATTACHMENT/plb_abus_reg_4> of sequential type is unconnected in block <digilentspartan3e1600spi>.
WARNING:Xst:2677 - Node <PLBV46_SLAVE_SINGLE_I/I_SLAVE_ATTACHMENT/plb_abus_reg_5> of sequential type is unconnected in block <digilentspartan3e1600spi>.
WARNING:Xst:2677 - Node <PLBV46_SLAVE_SINGLE_I/I_SLAVE_ATTACHMENT/plb_abus_reg_6> of sequential type is unconnected in block <digilentspartan3e1600spi>.
WARNING:Xst:2677 - Node <PLBV46_SLAVE_SINGLE_I/I_SLAVE_ATTACHMENT/plb_abus_reg_7> of sequential type is unconnected in block <digilentspartan3e1600spi>.
WARNING:Xst:2677 - Node <PLBV46_SLAVE_SINGLE_I/I_SLAVE_ATTACHMENT/plb_abus_reg_8> of sequential type is unconnected in block <digilentspartan3e1600spi>.
WARNING:Xst:2677 - Node <PLBV46_SLAVE_SINGLE_I/I_SLAVE_ATTACHMENT/plb_abus_reg_9> of sequential type is unconnected in block <digilentspartan3e1600spi>.
WARNING:Xst:2677 - Node <PLBV46_SLAVE_SINGLE_I/I_SLAVE_ATTACHMENT/plb_abus_reg_10> of sequential type is unconnected in block <digilentspartan3e1600spi>.
WARNING:Xst:2677 - Node <PLBV46_SLAVE_SINGLE_I/I_SLAVE_ATTACHMENT/plb_abus_reg_11> of sequential type is unconnected in block <digilentspartan3e1600spi>.
WARNING:Xst:2677 - Node <PLBV46_SLAVE_SINGLE_I/I_SLAVE_ATTACHMENT/plb_abus_reg_12> of sequential type is unconnected in block <digilentspartan3e1600spi>.
WARNING:Xst:2677 - Node <PLBV46_SLAVE_SINGLE_I/I_SLAVE_ATTACHMENT/plb_abus_reg_13> of sequential type is unconnected in block <digilentspartan3e1600spi>.
WARNING:Xst:2677 - Node <PLBV46_SLAVE_SINGLE_I/I_SLAVE_ATTACHMENT/plb_abus_reg_14> of sequential type is unconnected in block <digilentspartan3e1600spi>.
WARNING:Xst:2677 - Node <PLBV46_SLAVE_SINGLE_I/I_SLAVE_ATTACHMENT/plb_abus_reg_15> of sequential type is unconnected in block <digilentspartan3e1600spi>.
WARNING:Xst:2677 - Node <PLBV46_SLAVE_SINGLE_I/I_SLAVE_ATTACHMENT/plb_abus_reg_16> of sequential type is unconnected in block <digilentspartan3e1600spi>.
WARNING:Xst:2677 - Node <PLBV46_SLAVE_SINGLE_I/I_SLAVE_ATTACHMENT/plb_abus_reg_17> of sequential type is unconnected in block <digilentspartan3e1600spi>.
WARNING:Xst:2677 - Node <PLBV46_SLAVE_SINGLE_I/I_SLAVE_ATTACHMENT/plb_abus_reg_18> of sequential type is unconnected in block <digilentspartan3e1600spi>.
WARNING:Xst:2677 - Node <PLBV46_SLAVE_SINGLE_I/I_SLAVE_ATTACHMENT/plb_abus_reg_19> of sequential type is unconnected in block <digilentspartan3e1600spi>.
WARNING:Xst:2677 - Node <PLBV46_SLAVE_SINGLE_I/I_SLAVE_ATTACHMENT/plb_abus_reg_20> of sequential type is unconnected in block <digilentspartan3e1600spi>.
WARNING:Xst:2677 - Node <PLBV46_SLAVE_SINGLE_I/I_SLAVE_ATTACHMENT/plb_abus_reg_21> of sequential type is unconnected in block <digilentspartan3e1600spi>.
WARNING:Xst:2677 - Node <PLBV46_SLAVE_SINGLE_I/I_SLAVE_ATTACHMENT/plb_abus_reg_22> of sequential type is unconnected in block <digilentspartan3e1600spi>.
WARNING:Xst:2677 - Node <PLBV46_SLAVE_SINGLE_I/I_SLAVE_ATTACHMENT/plb_abus_reg_23> of sequential type is unconnected in block <digilentspartan3e1600spi>.
WARNING:Xst:2677 - Node <PLBV46_SLAVE_SINGLE_I/I_SLAVE_ATTACHMENT/plb_abus_reg_24> of sequential type is unconnected in block <digilentspartan3e1600spi>.
WARNING:Xst:2677 - Node <PLBV46_SLAVE_SINGLE_I/I_SLAVE_ATTACHMENT/plb_abus_reg_25> of sequential type is unconnected in block <digilentspartan3e1600spi>.
WARNING:Xst:2677 - Node <PLBV46_SLAVE_SINGLE_I/I_SLAVE_ATTACHMENT/plb_abus_reg_26> of sequential type is unconnected in block <digilentspartan3e1600spi>.
WARNING:Xst:2677 - Node <PLBV46_SLAVE_SINGLE_I/I_SLAVE_ATTACHMENT/plb_abus_reg_27> of sequential type is unconnected in block <digilentspartan3e1600spi>.
WARNING:Xst:2677 - Node <PLBV46_SLAVE_SINGLE_I/I_SLAVE_ATTACHMENT/plb_abus_reg_28> of sequential type is unconnected in block <digilentspartan3e1600spi>.
WARNING:Xst:2677 - Node <PLBV46_SLAVE_SINGLE_I/I_SLAVE_ATTACHMENT/plb_abus_reg_29> of sequential type is unconnected in block <digilentspartan3e1600spi>.
WARNING:Xst:2677 - Node <PLBV46_SLAVE_SINGLE_I/I_SLAVE_ATTACHMENT/plb_abus_reg_30> of sequential type is unconnected in block <digilentspartan3e1600spi>.
WARNING:Xst:2677 - Node <PLBV46_SLAVE_SINGLE_I/I_SLAVE_ATTACHMENT/plb_abus_reg_31> of sequential type is unconnected in block <digilentspartan3e1600spi>.
WARNING:Xst:2677 - Node <PLBV46_SLAVE_SINGLE_I/I_SLAVE_ATTACHMENT/plb_wrdbus_reg_0> of sequential type is unconnected in block <digilentspartan3e1600spi>.
WARNING:Xst:2677 - Node <PLBV46_SLAVE_SINGLE_I/I_SLAVE_ATTACHMENT/plb_wrdbus_reg_1> of sequential type is unconnected in block <digilentspartan3e1600spi>.
WARNING:Xst:2677 - Node <PLBV46_SLAVE_SINGLE_I/I_SLAVE_ATTACHMENT/plb_wrdbus_reg_2> of sequential type is unconnected in block <digilentspartan3e1600spi>.
WARNING:Xst:2677 - Node <PLBV46_SLAVE_SINGLE_I/I_SLAVE_ATTACHMENT/plb_wrdbus_reg_3> of sequential type is unconnected in block <digilentspartan3e1600spi>.
WARNING:Xst:2677 - Node <PLBV46_SLAVE_SINGLE_I/I_SLAVE_ATTACHMENT/plb_wrdbus_reg_4> of sequential type is unconnected in block <digilentspartan3e1600spi>.
WARNING:Xst:2677 - Node <PLBV46_SLAVE_SINGLE_I/I_SLAVE_ATTACHMENT/plb_wrdbus_reg_5> of sequential type is unconnected in block <digilentspartan3e1600spi>.
WARNING:Xst:2677 - Node <PLBV46_SLAVE_SINGLE_I/I_SLAVE_ATTACHMENT/plb_wrdbus_reg_6> of sequential type is unconnected in block <digilentspartan3e1600spi>.
WARNING:Xst:2677 - Node <PLBV46_SLAVE_SINGLE_I/I_SLAVE_ATTACHMENT/plb_wrdbus_reg_7> of sequential type is unconnected in block <digilentspartan3e1600spi>.
WARNING:Xst:2677 - Node <PLBV46_SLAVE_SINGLE_I/I_SLAVE_ATTACHMENT/plb_wrdbus_reg_8> of sequential type is unconnected in block <digilentspartan3e1600spi>.
WARNING:Xst:2677 - Node <PLBV46_SLAVE_SINGLE_I/I_SLAVE_ATTACHMENT/plb_wrdbus_reg_9> of sequential type is unconnected in block <digilentspartan3e1600spi>.
WARNING:Xst:2677 - Node <PLBV46_SLAVE_SINGLE_I/I_SLAVE_ATTACHMENT/plb_wrdbus_reg_10> of sequential type is unconnected in block <digilentspartan3e1600spi>.
WARNING:Xst:2677 - Node <PLBV46_SLAVE_SINGLE_I/I_SLAVE_ATTACHMENT/plb_wrdbus_reg_11> of sequential type is unconnected in block <digilentspartan3e1600spi>.
WARNING:Xst:2677 - Node <PLBV46_SLAVE_SINGLE_I/I_SLAVE_ATTACHMENT/plb_wrdbus_reg_12> of sequential type is unconnected in block <digilentspartan3e1600spi>.
WARNING:Xst:2677 - Node <PLBV46_SLAVE_SINGLE_I/I_SLAVE_ATTACHMENT/plb_wrdbus_reg_13> of sequential type is unconnected in block <digilentspartan3e1600spi>.
WARNING:Xst:2677 - Node <PLBV46_SLAVE_SINGLE_I/I_SLAVE_ATTACHMENT/plb_wrdbus_reg_14> of sequential type is unconnected in block <digilentspartan3e1600spi>.
WARNING:Xst:2677 - Node <PLBV46_SLAVE_SINGLE_I/I_SLAVE_ATTACHMENT/plb_wrdbus_reg_15> of sequential type is unconnected in block <digilentspartan3e1600spi>.
WARNING:Xst:2677 - Node <PLBV46_SLAVE_SINGLE_I/I_SLAVE_ATTACHMENT/plb_wrdbus_reg_16> of sequential type is unconnected in block <digilentspartan3e1600spi>.
WARNING:Xst:2677 - Node <PLBV46_SLAVE_SINGLE_I/I_SLAVE_ATTACHMENT/plb_wrdbus_reg_17> of sequential type is unconnected in block <digilentspartan3e1600spi>.
WARNING:Xst:2677 - Node <PLBV46_SLAVE_SINGLE_I/I_SLAVE_ATTACHMENT/plb_wrdbus_reg_18> of sequential type is unconnected in block <digilentspartan3e1600spi>.
WARNING:Xst:2677 - Node <PLBV46_SLAVE_SINGLE_I/I_SLAVE_ATTACHMENT/plb_wrdbus_reg_19> of sequential type is unconnected in block <digilentspartan3e1600spi>.
WARNING:Xst:2677 - Node <PLBV46_SLAVE_SINGLE_I/I_SLAVE_ATTACHMENT/plb_wrdbus_reg_20> of sequential type is unconnected in block <digilentspartan3e1600spi>.
WARNING:Xst:2677 - Node <PLBV46_SLAVE_SINGLE_I/I_SLAVE_ATTACHMENT/plb_wrdbus_reg_21> of sequential type is unconnected in block <digilentspartan3e1600spi>.
WARNING:Xst:2677 - Node <PLBV46_SLAVE_SINGLE_I/I_SLAVE_ATTACHMENT/plb_wrdbus_reg_22> of sequential type is unconnected in block <digilentspartan3e1600spi>.
WARNING:Xst:2677 - Node <PLBV46_SLAVE_SINGLE_I/I_SLAVE_ATTACHMENT/plb_wrdbus_reg_23> of sequential type is unconnected in block <digilentspartan3e1600spi>.
WARNING:Xst:2677 - Node <PLBV46_SLAVE_SINGLE_I/I_SLAVE_ATTACHMENT/plb_wrdbus_reg_24> of sequential type is unconnected in block <digilentspartan3e1600spi>.
WARNING:Xst:2677 - Node <PLBV46_SLAVE_SINGLE_I/I_SLAVE_ATTACHMENT/plb_wrdbus_reg_25> of sequential type is unconnected in block <digilentspartan3e1600spi>.
WARNING:Xst:2677 - Node <PLBV46_SLAVE_SINGLE_I/I_SLAVE_ATTACHMENT/plb_wrdbus_reg_26> of sequential type is unconnected in block <digilentspartan3e1600spi>.
WARNING:Xst:2677 - Node <PLBV46_SLAVE_SINGLE_I/I_SLAVE_ATTACHMENT/plb_wrdbus_reg_27> of sequential type is unconnected in block <digilentspartan3e1600spi>.
WARNING:Xst:2677 - Node <PLBV46_SLAVE_SINGLE_I/I_SLAVE_ATTACHMENT/plb_wrdbus_reg_28> of sequential type is unconnected in block <digilentspartan3e1600spi>.
WARNING:Xst:2677 - Node <PLBV46_SLAVE_SINGLE_I/I_SLAVE_ATTACHMENT/plb_wrdbus_reg_29> of sequential type is unconnected in block <digilentspartan3e1600spi>.
WARNING:Xst:2677 - Node <PLBV46_SLAVE_SINGLE_I/I_SLAVE_ATTACHMENT/plb_wrdbus_reg_30> of sequential type is unconnected in block <digilentspartan3e1600spi>.
WARNING:Xst:2677 - Node <PLBV46_SLAVE_SINGLE_I/I_SLAVE_ATTACHMENT/plb_wrdbus_reg_31> of sequential type is unconnected in block <digilentspartan3e1600spi>.

Mapping all equations...
Building and optimizing final netlist ...
Found area constraint ratio of 100 (+ 5) on block digilentspartan3e1600spi, actual ratio is 0.

Final Macro Processing ...

=========================================================================
Final Register Report

Macro Statistics
# Registers                                            : 30
 Flip-Flops                                            : 30

=========================================================================

=========================================================================
*                           Partition Report                            *
=========================================================================

Partition Implementation Status
-------------------------------

  No Partitions were found in this design.

-------------------------------

=========================================================================
*                            Final Report                               *
=========================================================================
Final Results
RTL Top Level Output File Name     : digilentspartan3e1600spi.ngr
Top Level Output File Name         : digilentspartan3e1600spi
Output Format                      : NGC
Optimization Goal                  : Speed
Keep Hierarchy                     : No

Design Statistics
# IOs                              : 445

Cell Usage :
# BELS                             : 23
#      GND                         : 1
#      INV                         : 2
#      LUT2                        : 3
#      LUT3                        : 1
#      LUT4                        : 13
#      LUT4_D                      : 2
#      VCC                         : 1
# FlipFlops/Latches                : 30
#      FDR                         : 17
#      FDRE                        : 12
#      FDS                         : 1
# Clock Buffers                    : 1
#      BUFGP                       : 1
# IO Buffers                       : 201
#      IBUF                        : 19
#      OBUF                        : 182
=========================================================================

Device utilization summary:
---------------------------

Selected Device : 3s1600efg320-4 

 Number of Slices:                       24  out of  14752     0%  
 Number of Slice Flip Flops:             30  out of  29504     0%  
 Number of 4 input LUTs:                 21  out of  29504     0%  
 Number of IOs:                         445
 Number of bonded IOBs:                 202  out of    250    80%  
 Number of GCLKs:                         1  out of     24     4%  

---------------------------
Partition Resource Summary:
---------------------------

  No Partitions were found in this design.

---------------------------


=========================================================================
TIMING REPORT

NOTE: THESE TIMING NUMBERS ARE ONLY A SYNTHESIS ESTIMATE.
      FOR ACCURATE TIMING INFORMATION PLEASE REFER TO THE TRACE REPORT
      GENERATED AFTER PLACE-and-ROUTE.

Clock Information:
------------------
-----------------------------------+------------------------+-------+
Clock Signal                       | Clock buffer(FF name)  | Load  |
-----------------------------------+------------------------+-------+
SPLB_Clk                           | BUFGP                  | 30    |
-----------------------------------+------------------------+-------+

Asynchronous Control Signals Information:
----------------------------------------
No asynchronous control signals found in this design

Timing Summary:
---------------
Speed Grade: -4

   Minimum period: 3.384ns (Maximum Frequency: 295.508MHz)
   Minimum input arrival time before clock: 4.690ns
   Maximum output required time after clock: 5.597ns
   Maximum combinational path delay: 6.320ns

Timing Detail:
--------------
All values displayed in nanoseconds (ns)

=========================================================================
Timing constraint: Default period analysis for Clock 'SPLB_Clk'
  Clock period: 3.384ns (frequency: 295.508MHz)
  Total number of paths / destination ports: 76 / 22
-------------------------------------------------------------------------
Delay:               3.384ns (Levels of Logic = 2)
  Source:            PLBV46_SLAVE_SINGLE_I/I_SLAVE_ATTACHMENT/plb_size_reg_0 (FF)
  Destination:       PLBV46_SLAVE_SINGLE_I/I_SLAVE_ATTACHMENT/set_sl_busy (FF)
  Source Clock:      SPLB_Clk rising
  Destination Clock: SPLB_Clk rising

  Data Path: PLBV46_SLAVE_SINGLE_I/I_SLAVE_ATTACHMENT/plb_size_reg_0 to PLBV46_SLAVE_SINGLE_I/I_SLAVE_ATTACHMENT/set_sl_busy
                                Gate     Net
    Cell:in->out      fanout   Delay   Delay  Logical Name (Net Name)
    ----------------------------------------  ------------
     FDR:C->Q              2   0.591   0.622  PLBV46_SLAVE_SINGLE_I/I_SLAVE_ATTACHMENT/plb_size_reg_0 (PLBV46_SLAVE_SINGLE_I/I_SLAVE_ATTACHMENT/plb_size_reg_0)
     LUT4_D:I0->O          1   0.704   0.455  PLBV46_SLAVE_SINGLE_I/I_SLAVE_ATTACHMENT/sl_rearbitrate_ns1_SW0 (N4)
     LUT4:I2->O            1   0.704   0.000  PLBV46_SLAVE_SINGLE_I/I_SLAVE_ATTACHMENT/sl_addrack_i_ns2 (PLBV46_SLAVE_SINGLE_I/I_SLAVE_ATTACHMENT/set_sl_busy_mux0000_norst)
     FDR:D                     0.308          PLBV46_SLAVE_SINGLE_I/I_SLAVE_ATTACHMENT/set_sl_busy
    ----------------------------------------
    Total                      3.384ns (2.307ns logic, 1.077ns route)
                                       (68.2% logic, 31.8% route)

=========================================================================
Timing constraint: Default OFFSET IN BEFORE for Clock 'SPLB_Clk'
  Total number of paths / destination ports: 45 / 45
-------------------------------------------------------------------------
Offset:              4.690ns (Levels of Logic = 2)
  Source:            SPLB_Rst (PAD)
  Destination:       PLBV46_SLAVE_SINGLE_I/I_SLAVE_ATTACHMENT/plb_pavalid_reg (FF)
  Destination Clock: SPLB_Clk rising

  Data Path: SPLB_Rst to PLBV46_SLAVE_SINGLE_I/I_SLAVE_ATTACHMENT/plb_pavalid_reg
                                Gate     Net
    Cell:in->out      fanout   Delay   Delay  Logical Name (Net Name)
    ----------------------------------------  ------------
     IBUF:I->O            30   1.218   1.437  SPLB_Rst_IBUF (SPLB_Rst_IBUF)
     LUT2:I0->O            1   0.704   0.420  PLBV46_SLAVE_SINGLE_I/I_SLAVE_ATTACHMENT/plb_pavalid_reg_or00001 (PLBV46_SLAVE_SINGLE_I/I_SLAVE_ATTACHMENT/plb_pavalid_reg_or0000)
     FDR:R                     0.911          PLBV46_SLAVE_SINGLE_I/I_SLAVE_ATTACHMENT/plb_pavalid_reg
    ----------------------------------------
    Total                      4.690ns (2.833ns logic, 1.857ns route)
                                       (60.4% logic, 39.6% route)

=========================================================================
Timing constraint: Default OFFSET OUT AFTER for Clock 'SPLB_Clk'
  Total number of paths / destination ports: 11 / 11
-------------------------------------------------------------------------
Offset:              5.597ns (Levels of Logic = 2)
  Source:            USER_LOGIC_I/Inst_spi_slave_interface/CurrentState_FSM_FFd2 (FF)
  Destination:       CS_ADC (PAD)
  Source Clock:      SPLB_Clk rising

  Data Path: USER_LOGIC_I/Inst_spi_slave_interface/CurrentState_FSM_FFd2 to CS_ADC
                                Gate     Net
    Cell:in->out      fanout   Delay   Delay  Logical Name (Net Name)
    ----------------------------------------  ------------
     FDR:C->Q              3   0.591   0.610  USER_LOGIC_I/Inst_spi_slave_interface/CurrentState_FSM_FFd2 (USER_LOGIC_I/Inst_spi_slave_interface/CurrentState_FSM_FFd2)
     LUT2:I1->O            1   0.704   0.420  USER_LOGIC_I/Inst_spi_slave_interface/CS_ADC_and00001 (CS_ADC_OBUF)
     OBUF:I->O                 3.272          CS_ADC_OBUF (CS_ADC)
    ----------------------------------------
    Total                      5.597ns (4.567ns logic, 1.030ns route)
                                       (81.6% logic, 18.4% route)

=========================================================================
Timing constraint: Default path analysis
  Total number of paths / destination ports: 7 / 7
-------------------------------------------------------------------------
Delay:               6.320ns (Levels of Logic = 3)
  Source:            MB_SS<1> (PAD)
  Destination:       CS_ADC (PAD)

  Data Path: MB_SS<1> to CS_ADC
                                Gate     Net
    Cell:in->out      fanout   Delay   Delay  Logical Name (Net Name)
    ----------------------------------------  ------------
     IBUF:I->O             3   1.218   0.706  MB_SS_1_IBUF (MB_SS_1_IBUF)
     LUT2:I0->O            1   0.704   0.420  USER_LOGIC_I/Inst_spi_slave_interface/CS_ADC_and00001 (CS_ADC_OBUF)
     OBUF:I->O                 3.272          CS_ADC_OBUF (CS_ADC)
    ----------------------------------------
    Total                      6.320ns (5.194ns logic, 1.126ns route)
                                       (82.2% logic, 17.8% route)

=========================================================================


Total REAL time to Xst completion: 8.00 secs
Total CPU time to Xst completion: 8.69 secs
 
--> 

Total memory usage is 161448 kilobytes

Number of errors   :    0 (   0 filtered)
Number of warnings :  221 (   0 filtered)
Number of infos    :    6 (   0 filtered)

