
----------------------------------------------------------------------------
--                            Design Analysis                             --
----------------------------------------------------------------------------
Analyze pcore digilentspartan3e1600spi ...


----------------------------------------------------------------------------
--                            File Generation                             --
----------------------------------------------------------------------------
Creating HDL source directory ...
Generating top peripheral VHDL template ...
Generating stub user logic VHDL template ...
HDL templates successfully generated ...
Creating data directory ...
Generating XPS inteface files ...
Compiling vhdl file
"C:/Xilinx/12.4/ISE_DS/EDK/hw/XilinxProcessorIPLib/pcores/proc_common_v3_00_a/hd
l/vhdl/proc_common_pkg.vhd" in Library proc_common_v3_00_a.
Package <proc_common_pkg> compiled.
Package body <proc_common_pkg> compiled.
Compiling vhdl file
"C:/Xilinx/12.4/ISE_DS/EDK/hw/XilinxProcessorIPLib/pcores/proc_common_v3_00_a/hd
l/vhdl/or_muxcy.vhd" in Library proc_common_v3_00_a.
Entity <or_muxcy> compiled.
Entity <or_muxcy> (Architecture <implementation>) compiled.
Compiling vhdl file
"C:/Xilinx/12.4/ISE_DS/EDK/hw/XilinxProcessorIPLib/pcores/proc_common_v3_00_a/hd
l/vhdl/family_support.vhd" in Library proc_common_v3_00_a.
Package <family_support> compiled.
Package body <family_support> compiled.
Compiling vhdl file
"C:/Xilinx/12.4/ISE_DS/EDK/hw/XilinxProcessorIPLib/pcores/proc_common_v3_00_a/hd
l/vhdl/counter_f.vhd" in Library proc_common_v3_00_a.
Entity <counter_f> compiled.
Entity <counter_f> (Architecture <imp>) compiled.
Compiling vhdl file
"C:/Xilinx/12.4/ISE_DS/EDK/hw/XilinxProcessorIPLib/pcores/proc_common_v3_00_a/hd
l/vhdl/pselect_f.vhd" in Library proc_common_v3_00_a.
Entity <pselect_f> compiled.
Entity <pselect_f> (Architecture <imp>) compiled.
Compiling vhdl file
"C:/Xilinx/12.4/ISE_DS/EDK/hw/XilinxProcessorIPLib/pcores/proc_common_v3_00_a/hd
l/vhdl/or_gate128.vhd" in Library proc_common_v3_00_a.
Entity <or_gate128> compiled.
Entity <or_gate128> (Architecture <imp>) compiled.
Compiling vhdl file
"C:/Xilinx/12.4/ISE_DS/EDK/hw/XilinxProcessorIPLib/pcores/proc_common_v3_00_a/hd
l/vhdl/ipif_pkg.vhd" in Library proc_common_v3_00_a.
Package <ipif_pkg> compiled.
Package body <ipif_pkg> compiled.
Compiling vhdl file
"C:/Xilinx/12.4/ISE_DS/EDK/hw/XilinxProcessorIPLib/pcores/plbv46_slave_single_v1
_01_a/hdl/vhdl/plb_address_decoder.vhd" in Library plbv46_slave_single_v1_01_a.
Entity <plb_address_decoder> compiled.
Entity <plb_address_decoder> (Architecture <IMP>) compiled.
Compiling vhdl file
"C:/Xilinx/12.4/ISE_DS/EDK/hw/XilinxProcessorIPLib/pcores/plbv46_slave_single_v1
_01_a/hdl/vhdl/plb_slave_attachment.vhd" in Library plbv46_slave_single_v1_01_a.
Entity <plb_slave_attachment> compiled.
Entity <plb_slave_attachment> (Architecture <implementation>) compiled.
Compiling vhdl file
"C:/Xilinx/12.4/ISE_DS/EDK/hw/XilinxProcessorIPLib/pcores/plbv46_slave_single_v1
_01_a/hdl/vhdl/plbv46_slave_single.vhd" in Library plbv46_slave_single_v1_01_a.
Entity <plbv46_slave_single> compiled.
Entity <plbv46_slave_single> (Architecture <implementation>) compiled.
Compiling vhdl file
"Z:/SysEmp/ProyectoFinal/ProyectoFinalSDE/Proyecto/pcores/digilentspartan3e1600s
pi_v2_00_a/data/../hdl/vhdl/user_logic.vhd" in Library
digilentspartan3e1600spi_v2_00_a.
Entity <user_logic> compiled.
Entity <user_logic> (Architecture <IMP>) compiled.
Compiling vhdl file
"Z:/SysEmp/ProyectoFinal/ProyectoFinalSDE/Proyecto/pcores/digilentspartan3e1600s
pi_v2_00_a/data/../hdl/vhdl/digilentspartan3e1600spi.vhd" in Library
digilentspartan3e1600spi_v2_00_a.
Entity <digilentspartan3e1600spi> compiled.
Entity <digilentspartan3e1600spi> (Architecture <IMP>) compiled.


Analyzing HDL attributes ...
Entity name = digilentspartan3e1600spi
INFO:EDK:1607 - IPTYPE set to value : PERIPHERAL
INFO:EDK:1511 - IMP_NETLIST set to value : TRUE
INFO:EDK:1486 - HDL set to value : VHDL
WARNING:EDK:3588 - Unable to delete temporary XST project file
   Z:\SysEmp\ProyectoFinal\ProyectoFinalSDE\Proyecto\pcores\digilentspartan3e160
   0spi_v2_00_a\data\_digilentspartan3e1600spi_xst.prj : 13
XPS interface files successfully generated ...
Creating development directory ...
Generating command option file ...
Generating readme file ...
Development misc files successfully generated ...
Creating projnav directory ...
Generating ProjNav support files ...
ProjNav support files successfully generated ...
Creating synthesis directory ...
Generating XST synthesis support files ...
XST synthesis support files successfully generated ...
No BFM simulation files will be generated at this time ...
Creating software driver data directory ...
Generating software driver XPS interface (mdd/tcl) files ...
Software driver data definition file (.mdd) successfully generated ...
Software driver data generation file (.tcl) successfully generated ...
Creating software driver src directory ...
Generating software driver template files ...
Software driver compile file (Makefile) successfully generated ...
output user slave register(s) offset to software driver header ...
Software driver header file (.h) successfully generated ...
Software driver source file (.c) successfully generated ...
Software driver SelfTest file (.c) successfully generated ...
Software driver template files successfully generated ...

----------------------------------------------------------------------------
--                              Final Report                              --
----------------------------------------------------------------------------
Thank you for using Create and Import Peripheral Wizard! Please find your
peripheral hardware templates under
Z:\SysEmp\ProyectoFinal\ProyectoFinalSDE\Proyecto/pcores/digilentspartan3e1600sp
i_v2_00_a and peripheral software templates under
Z:\SysEmp\ProyectoFinal\ProyectoFinalSDE\Proyecto/drivers/digilentspartan3e1600s
pi_v2_00_a respectively.

Peripheral Summary:

  top name       : digilentspartan3e1600spi
  version        : 2.00.a
  type           : PLB (v4.6) slave
  features       : slave attachment

Address Block Summary:

  user logic slv : C_BASEADDR + 0x00000000
                 : C_BASEADDR + 0x000000FF

File Summary

  - HDL source -
Z:\SysEmp\ProyectoFinal\ProyectoFinalSDE\Proyecto/pcores/digilentspartan3e1600sp
i_v2_00_a/hdl
  top entity     : vhdl/digilentspartan3e1600spi.vhd
  user logic     : vhdl/user_logic.vhd

  - XPS interface -
Z:\SysEmp\ProyectoFinal\ProyectoFinalSDE\Proyecto/pcores/digilentspartan3e1600sp
i_v2_00_a/data
  mpd            : digilentspartan3e1600spi_v2_1_0.mpd
  pao            : digilentspartan3e1600spi_v2_1_0.pao

  - ISE project -
Z:\SysEmp\ProyectoFinal\ProyectoFinalSDE\Proyecto/pcores/digilentspartan3e1600sp
i_v2_00_a/devl/projnav
  ise project    : digilentspartan3e1600spi.xise
  tcl script     : digilentspartan3e1600spi.tcl


  - XST synthesis -
Z:\SysEmp\ProyectoFinal\ProyectoFinalSDE\Proyecto/pcores/digilentspartan3e1600sp
i_v2_00_a/devl/synthesis
  xst script     : digilentspartan3e1600spi_xst.scr
  xst project    : digilentspartan3e1600spi_xst.prj

  - Misc file -
Z:\SysEmp\ProyectoFinal\ProyectoFinalSDE\Proyecto/pcores/digilentspartan3e1600sp
i_v2_00_a/devl
  help           : README.txt
  option         : ipwiz.opt
  log            : ipwiz.log

  - Driver source -
Z:\SysEmp\ProyectoFinal\ProyectoFinalSDE\Proyecto/drivers/digilentspartan3e1600s
pi_v2_00_a/src
  makefile       : Makefile
  header         : digilentspartan3e1600spi.h
  source         : digilentspartan3e1600spi.c
  selftest       : digilentspartan3e1600spi_selftest.c

  - Driver interface -
Z:\SysEmp\ProyectoFinal\ProyectoFinalSDE\Proyecto/drivers/digilentspartan3e1600s
pi_v2_00_a/data
  mdd            : digilentspartan3e1600spi_v2_1_0.mdd
  tcl            : digilentspartan3e1600spi_v2_1_0.tcl


