
bitinit version Xilinx EDK 12.4 Build EDK_MS4.81d
Copyright (c) Xilinx Inc. 2002.

Parsing MHS File system.mhs...

Overriding IP level properties ...

Computing clock values...

Performing IP level DRCs on properties...

Running DRC Tcl procedures for OPTION IPLEVEL_DRC_PROC...
Address Map for Processor microblaze_0
  (0000000000-0x00007fff) dlmb_cntlr	dlmb
  (0000000000-0x00007fff) ilmb_cntlr	ilmb
  (0x83400000-0x8340ffff) spi	mb_plb
  (0x84000000-0x8400ffff) xps_uartlite_0	mb_plb
  (0x84400000-0x8440ffff) mdm_0	mb_plb
  (0xc6e00000-0xc6e0ffff) lcd2x16interface_0	mb_plb
  (0xc8600000-0xc860ffff) digilentspartan3e1600spi_0	mb_plb
INFO:EDK:1560 - IPNAME:plb_v46 INSTANCE:mb_plb -
   C:\Xilinx\12.4\ISE_DS\EDK\hw\XilinxProcessorIPLib\pcores\plb_v46_v1_05_a\data
   \plb_v46_v2_1_0.mpd line 69 - tool is overriding PARAMETER
   C_PLBV46_NUM_MASTERS value to 2
INFO:EDK:1560 - IPNAME:plb_v46 INSTANCE:mb_plb -
   C:\Xilinx\12.4\ISE_DS\EDK\hw\XilinxProcessorIPLib\pcores\plb_v46_v1_05_a\data
   \plb_v46_v2_1_0.mpd line 70 - tool is overriding PARAMETER
   C_PLBV46_NUM_SLAVES value to 5
INFO:EDK:1560 - IPNAME:plb_v46 INSTANCE:mb_plb -
   C:\Xilinx\12.4\ISE_DS\EDK\hw\XilinxProcessorIPLib\pcores\plb_v46_v1_05_a\data
   \plb_v46_v2_1_0.mpd line 71 - tool is overriding PARAMETER C_PLBV46_MID_WIDTH
   value to 1
INFO:EDK:1560 - IPNAME:plb_v46 INSTANCE:mb_plb -
   C:\Xilinx\12.4\ISE_DS\EDK\hw\XilinxProcessorIPLib\pcores\plb_v46_v1_05_a\data
   \plb_v46_v2_1_0.mpd line 73 - tool is overriding PARAMETER C_PLBV46_DWIDTH
   value to 32
INFO:EDK:1560 - IPNAME:lmb_v10 INSTANCE:ilmb -
   C:\Xilinx\12.4\ISE_DS\EDK\hw\XilinxProcessorIPLib\pcores\lmb_v10_v1_00_a\data
   \lmb_v10_v2_1_0.mpd line 70 - tool is overriding PARAMETER C_LMB_NUM_SLAVES
   value to 1
INFO:EDK:1560 - IPNAME:lmb_v10 INSTANCE:dlmb -
   C:\Xilinx\12.4\ISE_DS\EDK\hw\XilinxProcessorIPLib\pcores\lmb_v10_v1_00_a\data
   \lmb_v10_v2_1_0.mpd line 70 - tool is overriding PARAMETER C_LMB_NUM_SLAVES
   value to 1
INFO:EDK:1560 - IPNAME:bram_block INSTANCE:lmb_bram -
   C:\Xilinx\12.4\ISE_DS\EDK\hw\XilinxProcessorIPLib\pcores\bram_block_v1_00_a\d
   ata\bram_block_v2_1_0.mpd line 67 - tool is overriding PARAMETER C_MEMSIZE
   value to 0x8000
INFO:EDK:1560 - IPNAME:mdm INSTANCE:mdm_0 -
   C:\Xilinx\12.4\ISE_DS\EDK\hw\XilinxProcessorIPLib\pcores\mdm_v2_00_a\data\mdm
   _v2_1_0.mpd line 83 - tool is overriding PARAMETER C_SPLB_MID_WIDTH value to
   1
INFO:EDK:1560 - IPNAME:mdm INSTANCE:mdm_0 -
   C:\Xilinx\12.4\ISE_DS\EDK\hw\XilinxProcessorIPLib\pcores\mdm_v2_00_a\data\mdm
   _v2_1_0.mpd line 84 - tool is overriding PARAMETER C_SPLB_NUM_MASTERS value
   to 2
INFO:EDK:1560 - IPNAME:lcd2x16interface INSTANCE:lcd2x16interface_0 -
   Z:\SysEmp\ProyectoFinal\ProyectoFinalSDE\Proyecto\pcores\lcd2x16interface_v6_
   00_a\data\lcd2x16interface_v2_1_0.mpd line 27 - tool is overriding PARAMETER
   C_SPLB_DWIDTH value to 32
INFO:EDK:1560 - IPNAME:lcd2x16interface INSTANCE:lcd2x16interface_0 -
   Z:\SysEmp\ProyectoFinal\ProyectoFinalSDE\Proyecto\pcores\lcd2x16interface_v6_
   00_a\data\lcd2x16interface_v2_1_0.mpd line 28 - tool is overriding PARAMETER
   C_SPLB_NUM_MASTERS value to 2
INFO:EDK:1560 - IPNAME:lcd2x16interface INSTANCE:lcd2x16interface_0 -
   Z:\SysEmp\ProyectoFinal\ProyectoFinalSDE\Proyecto\pcores\lcd2x16interface_v6_
   00_a\data\lcd2x16interface_v2_1_0.mpd line 29 - tool is overriding PARAMETER
   C_SPLB_MID_WIDTH value to 1
INFO:EDK:1560 - IPNAME:xps_spi INSTANCE:spi -
   C:\Xilinx\12.4\ISE_DS\EDK\hw\XilinxProcessorIPLib\pcores\xps_spi_v2_02_a\data
   \xps_spi_v2_1_0.mpd line 74 - tool is overriding PARAMETER C_SPLB_NUM_MASTERS
   value to 2
INFO:EDK:1560 - IPNAME:xps_uartlite INSTANCE:xps_uartlite_0 -
   C:\Xilinx\12.4\ISE_DS\EDK\hw\XilinxProcessorIPLib\pcores\xps_uartlite_v1_01_a
   \data\xps_uartlite_v2_1_0.mpd line 74 - tool is overriding PARAMETER
   C_SPLB_NUM_MASTERS value to 2
INFO:EDK:1560 - IPNAME:digilentspartan3e1600spi
   INSTANCE:digilentspartan3e1600spi_0 -
   Z:\SysEmp\ProyectoFinal\ProyectoFinalSDE\Proyecto\pcores\digilentspartan3e160
   0spi_v2_01_b\data\digilentspartan3e1600spi_v2_1_0.mpd line 25 - tool is
   overriding PARAMETER C_SPLB_DWIDTH value to 32
INFO:EDK:1560 - IPNAME:digilentspartan3e1600spi
   INSTANCE:digilentspartan3e1600spi_0 -
   Z:\SysEmp\ProyectoFinal\ProyectoFinalSDE\Proyecto\pcores\digilentspartan3e160
   0spi_v2_01_b\data\digilentspartan3e1600spi_v2_1_0.mpd line 26 - tool is
   overriding PARAMETER C_SPLB_NUM_MASTERS value to 2
INFO:EDK:1560 - IPNAME:digilentspartan3e1600spi
   INSTANCE:digilentspartan3e1600spi_0 -
   Z:\SysEmp\ProyectoFinal\ProyectoFinalSDE\Proyecto\pcores\digilentspartan3e160
   0spi_v2_01_b\data\digilentspartan3e1600spi_v2_1_0.mpd line 27 - tool is
   overriding PARAMETER C_SPLB_MID_WIDTH value to 1

Checking platform address map ...

Initializing Memory...
Running Data2Mem with the following command:
data2mem -bm "implementation/system_bd" -p xc3s1600efg320-4 -bt
"implementation/system.bit"  -bd "test_0/executable.elf" tag microblaze_0  -o b
implementation/download.bit 
Memory Initialization completed successfully.

